#
# There is insufficient memory for the Java Runtime Environment to continue.
# Native memory allocation (malloc) failed to allocate 65536000 bytes for committing reserved memory.
# Possible reasons:
#   The system is out of physical RAM or swap space
#   In 32 bit mode, the process size limit was hit
# Possible solutions:
#   Reduce memory load on the system
#   Increase physical memory or swap space
#   Check if swap backing store is full
#   Use 64 bit Java on a 64 bit OS
#   Decrease Java heap size (-Xmx/-Xms)
#   Decrease number of Java threads
#   Decrease Java thread stack sizes (-Xss)
#   Set larger code cache with -XX:ReservedCodeCacheSize=
# This output file may be truncated or incomplete.
#
#  Out of Memory Error (os_linux.cpp:2798), pid=32312, tid=139792205461248
#
# JRE version: OpenJDK Runtime Environment (7.0_65-b32) (build 1.7.0_65-b32)
# Java VM: OpenJDK 64-Bit Server VM (24.65-b04 mixed mode linux-amd64 compressed oops)
# Failed to write core dump. Core dumps have been disabled. To enable core dumping, try "ulimit -c unlimited" before starting Java again
#

---------------  T H R E A D  ---------------

Current thread (0x00007f23ec071000):  VMThread [stack: 0x00007f23e8afb000,0x00007f23e8bfc000] [id=32316]

Stack: [0x00007f23e8afb000,0x00007f23e8bfc000],  sp=0x00007f23e8bfa550,  free space=1021k
Native frames: (J=compiled Java code, j=interpreted, Vv=VM code, C=native code)
V  [libjvm.so+0x927e95]  VMError::report_and_die()+0x175
V  [libjvm.so+0x48fda0]  report_vm_out_of_memory(char const*, int, unsigned long, char const*)+0x70
V  [libjvm.so+0x7b2c83]  os::pd_commit_memory(char*, unsigned long, unsigned long, bool)+0x103
V  [libjvm.so+0x7ad486]  os::commit_memory(char*, unsigned long, unsigned long, bool)+0x26
V  [libjvm.so+0x819aeb]  PSVirtualSpace::expand_by(unsigned long)+0x6b
V  [libjvm.so+0x809e2c]  PSOldGen::expand(unsigned long) [clone .part.81]+0x1ac
V  [libjvm.so+0x80acf0]  PSOldGen::resize(unsigned long)+0x1e0
V  [libjvm.so+0x8123c5]  PSParallelCompact::invoke_no_policy(bool)+0x945
V  [libjvm.so+0x81814d]  PSScavenge::invoke()+0x18d
V  [libjvm.so+0x7d17be]  ParallelScavengeHeap::failed_mem_allocate(unsigned long)+0x6e
V  [libjvm.so+0x929910]  VM_ParallelGCFailedAllocation::doit()+0x90
V  [libjvm.so+0x92e012]  VM_Operation::evaluate()+0x52
V  [libjvm.so+0x92c998]  VMThread::evaluate_operation(VM_Operation*)+0x318
V  [libjvm.so+0x92cdbe]  VMThread::loop()+0x1ee
V  [libjvm.so+0x92d202]  VMThread::run()+0x72
V  [libjvm.so+0x7afb62]  java_start(Thread*)+0xf2

VM_Operation (0x00007f23b8440d30): ParallelGCFailedAllocation, mode: safepoint, requested by thread 0x00007f23bc00e000


---------------  P R O C E S S  ---------------

Java Threads: ( => current thread )
  0x00007f23bc027000 JavaThread "ajp-bio-8009-exec-42" daemon [_thread_in_native, id=29610, stack(0x00007f23a9506000,0x00007f23a9607000)]
  0x00007f23bc025000 JavaThread "ajp-bio-8009-exec-41" daemon [_thread_in_native, id=29609, stack(0x00007f23a9899000,0x00007f23a999a000)]
  0x00007f23bc023000 JavaThread "ajp-bio-8009-exec-40" daemon [_thread_in_native, id=29608, stack(0x00007f23a999a000,0x00007f23a9a9b000)]
  0x00007f23bc015000 JavaThread "ajp-bio-8009-exec-34" daemon [_thread_blocked, id=29602, stack(0x00007f23aa9a0000,0x00007f23aaaa1000)]
  0x00007f23bc011800 JavaThread "ajp-bio-8009-exec-31" daemon [_thread_in_native, id=29593, stack(0x00007f23b8042000,0x00007f23b8143000)]
  0x00007f23bc004000 JavaThread "ajp-bio-8009-exec-28" daemon [_thread_blocked, id=19002, stack(0x00007f23ab752000,0x00007f23ab853000)]
  0x00007f23bc01a800 JavaThread "ajp-bio-8009-exec-27" daemon [_thread_blocked, id=18934, stack(0x00007f23b9ffc000,0x00007f23ba0fd000)]
  0x00007f23bc016000 JavaThread "ajp-bio-8009-exec-25" daemon [_thread_blocked, id=18233, stack(0x00007f23aa517000,0x00007f23aa618000)]
  0x00007f23bc01d000 JavaThread "ajp-bio-8009-exec-20" daemon [_thread_blocked, id=15104, stack(0x00007f23aa761000,0x00007f23aa862000)]
  0x00007f23bc00e000 JavaThread "ajp-bio-8009-exec-15" daemon [_thread_blocked, id=13635, stack(0x00007f23b8345000,0x00007f23b8446000)]
  0x00007f23ac0b5800 JavaThread "http-bio-8080-exec-10" daemon [_thread_blocked, id=1405, stack(0x00007f23aa862000,0x00007f23aa963000)]
  0x00007f23d0223800 JavaThread "http-bio-8080-exec-9" daemon [_thread_blocked, id=1096, stack(0x00007f23aaaa1000,0x00007f23aaba2000)]
  0x00007f23ac07a800 JavaThread "http-bio-8080-exec-8" daemon [_thread_blocked, id=1095, stack(0x00007f23a9a9b000,0x00007f23a9b9c000)]
  0x00007f23ac07a000 JavaThread "http-bio-8080-exec-7" daemon [_thread_blocked, id=975, stack(0x00007f23aaba2000,0x00007f23aaca3000)]
  0x00007f23b4002000 JavaThread "http-bio-8080-exec-6" daemon [_thread_blocked, id=974, stack(0x00007f23aaca3000,0x00007f23aada4000)]
  0x00007f23ac0a1800 JavaThread "http-bio-8080-exec-5" daemon [_thread_blocked, id=973, stack(0x00007f23abafb000,0x00007f23abbfc000)]
  0x00007f23ac0ff000 JavaThread "http-bio-8080-exec-4" daemon [_thread_blocked, id=852, stack(0x00007f23aada4000,0x00007f23aaea5000)]
  0x00007f23ac077000 JavaThread "http-bio-8080-exec-3" daemon [_thread_blocked, id=849, stack(0x00007f23abbfc000,0x00007f23abcfd000)]
  0x00007f23ac076000 JavaThread "http-bio-8080-exec-2" daemon [_thread_blocked, id=32557, stack(0x00007f23b8a4c000,0x00007f23b8b4d000)]
  0x00007f23ac001800 JavaThread "http-bio-8080-exec-1" daemon [_thread_blocked, id=32556, stack(0x00007f23ba0fd000,0x00007f23ba1fe000)]
  0x00007f23d8079000 JavaThread "Java2D Disposer" daemon [_thread_blocked, id=32389, stack(0x00007f23ab550000,0x00007f23ab651000)]
  0x00007f23e0100000 JavaThread "ExpiringMap-Expirer" daemon [_thread_blocked, id=32386, stack(0x00007f23ab853000,0x00007f23ab954000)]
  0x00007f23d8003000 JavaThread "ExpiringMap-Expirer" daemon [_thread_blocked, id=32384, stack(0x00007f23ab954000,0x00007f23aba55000)]
  0x00007f23ec2ba000 JavaThread "ajp-bio-8009-AsyncTimeout" daemon [_thread_blocked, id=32368, stack(0x00007f23b8446000,0x00007f23b8547000)]
  0x00007f23ec0f1800 JavaThread "ajp-bio-8009-Acceptor-0" daemon [_thread_in_native, id=32367, stack(0x00007f23b8547000,0x00007f23b8648000)]
  0x00007f23ec0f0000 JavaThread "http-bio-8080-AsyncTimeout" daemon [_thread_blocked, id=32366, stack(0x00007f23b8648000,0x00007f23b8749000)]
  0x00007f23ec0ee000 JavaThread "http-bio-8080-Acceptor-0" daemon [_thread_in_native, id=32365, stack(0x00007f23b9dfa000,0x00007f23b9efb000)]
  0x00007f23ec0eb800 JavaThread "ContainerBackgroundProcessor[StandardEngine[Catalina]]" daemon [_thread_blocked, id=32364, stack(0x00007f23b9efb000,0x00007f23b9ffc000)]
  0x00007f23b0706800 JavaThread "MongoCleaner157917872" daemon [_thread_blocked, id=32360, stack(0x00007f23b8749000,0x00007f23b884a000)]
  0x00007f23b0705000 JavaThread "cluster-3-127.0.0.1:27017" daemon [_thread_blocked, id=32359, stack(0x00007f23b884a000,0x00007f23b894b000)]
  0x00007f23b0d94000 JavaThread "MongoCleaner1101628075" daemon [_thread_blocked, id=32355, stack(0x00007f23b894b000,0x00007f23b8a4c000)]
  0x00007f23b0d98800 JavaThread "cluster-2-127.0.0.1:27017" daemon [_thread_blocked, id=32354, stack(0x00007f23b8b4d000,0x00007f23b8c4e000)]
  0x00007f23b0238000 JavaThread "Timer-3" daemon [_thread_blocked, id=32350, stack(0x00007f23b8c4e000,0x00007f23b8d4f000)]
  0x00007f23b008f800 JavaThread "Timer-2" daemon [_thread_blocked, id=32349, stack(0x00007f23b8d4f000,0x00007f23b8e50000)]
  0x00007f23b008d000 JavaThread "MongoCleaner464062538" daemon [_thread_blocked, id=32347, stack(0x00007f23b8e50000,0x00007f23b8f51000)]
  0x00007f23b017e000 JavaThread "cluster-1-localhost:27017" daemon [_thread_blocked, id=32346, stack(0x00007f23b9455000,0x00007f23b9556000)]
  0x00007f23b0afb000 JavaThread "Abandoned connection cleanup thread" daemon [_thread_blocked, id=32345, stack(0x00007f23b9148000,0x00007f23b9249000)]
  0x00007f23b03aa800 JavaThread "MongoCleaner2125115985" daemon [_thread_blocked, id=32343, stack(0x00007f23b8f51000,0x00007f23b9052000)]
  0x00007f23b03a6000 JavaThread "cluster-3-127.0.0.1:27017" daemon [_thread_blocked, id=32342, stack(0x00007f23b9556000,0x00007f23b9657000)]
  0x00007f23b0c09000 JavaThread "MongoCleaner1882366388" daemon [_thread_blocked, id=32337, stack(0x00007f23b9253000,0x00007f23b9354000)]
  0x00007f23b0c01000 JavaThread "cluster-2-127.0.0.1:27017" daemon [_thread_blocked, id=32336, stack(0x00007f23b9354000,0x00007f23b9455000)]
  0x00007f23b0b4c800 JavaThread "Timer-1" daemon [_thread_blocked, id=32333, stack(0x00007f23b9657000,0x00007f23b9758000)]
  0x00007f23b0b4b000 JavaThread "Timer-0" daemon [_thread_blocked, id=32332, stack(0x00007f23b9758000,0x00007f23b9859000)]
  0x00007f23b0ac7000 JavaThread "MongoCleaner1589052222" daemon [_thread_blocked, id=32329, stack(0x00007f23b9859000,0x00007f23b995a000)]
  0x00007f23b0a49000 JavaThread "cluster-1-localhost:27017" daemon [_thread_blocked, id=32328, stack(0x00007f23b995a000,0x00007f23b9a5b000)]
  0x00007f23b062a000 JavaThread "Abandoned connection cleanup thread" daemon [_thread_blocked, id=32327, stack(0x00007f23b9a5b000,0x00007f23b9b5c000)]
  0x00007f23ec50c000 JavaThread "GC Daemon" daemon [_thread_blocked, id=32324, stack(0x00007f23c00fe000,0x00007f23c01ff000)]
  0x00007f23ec0a1800 JavaThread "Service Thread" daemon [_thread_blocked, id=32322, stack(0x00007f23e836c000,0x00007f23e846d000)]
  0x00007f23ec09f800 JavaThread "C2 CompilerThread1" daemon [_thread_blocked, id=32321, stack(0x00007f23e846d000,0x00007f23e856e000)]
  0x00007f23ec09c800 JavaThread "C2 CompilerThread0" daemon [_thread_blocked, id=32320, stack(0x00007f23e856e000,0x00007f23e866f000)]
  0x00007f23ec09a800 JavaThread "Signal Dispatcher" daemon [_thread_blocked, id=32319, stack(0x00007f23e866f000,0x00007f23e8770000)]
  0x00007f23ec077800 JavaThread "Finalizer" daemon [_thread_blocked, id=32318, stack(0x00007f23e88f9000,0x00007f23e89fa000)]
  0x00007f23ec075800 JavaThread "Reference Handler" daemon [_thread_blocked, id=32317, stack(0x00007f23e89fa000,0x00007f23e8afb000)]
  0x00007f23ec00a000 JavaThread "main" [_thread_in_native, id=32313, stack(0x00007f23f5d99000,0x00007f23f5e9a000)]

Other Threads:
=>0x00007f23ec071000 VMThread [stack: 0x00007f23e8afb000,0x00007f23e8bfc000] [id=32316]
  0x00007f23ec0ac800 WatcherThread [stack: 0x00007f23e826b000,0x00007f23e836c000] [id=32323]

VM state:at safepoint (normal execution)

VM Mutex/Monitor currently owned by a thread:  ([mutex/lock_event])
[0x00007f23ec006210] ExpandHeap_lock - owner thread: 0x00007f23ec071000
[0x00007f23ec006890] Threads_lock - owner thread: 0x00007f23ec071000
[0x00007f23ec006d90] Heap_lock - owner thread: 0x00007f23bc00e000

Heap
 PSYoungGen      total 155648K, used 0K [0x00000000f2200000, 0x0000000100000000, 0x0000000100000000)
  eden space 83968K, 0% used [0x00000000f2200000,0x00000000f2200000,0x00000000f7400000)
  from space 71680K, 0% used [0x00000000f7400000,0x00000000f7400000,0x00000000fba00000)
  to   space 71680K, 0% used [0x00000000fba00000,0x00000000fba00000,0x0000000100000000)
 ParOldGen       total 202240K, used 177815K [0x00000000d6600000, 0x00000000e2b80000, 0x00000000f2200000)
  object space 202240K, 87% used [0x00000000d6600000,0x00000000e13a5da0,0x00000000e2b80000)
 PSPermGen       total 147968K, used 108382K [0x00000000cc000000, 0x00000000d5080000, 0x00000000d6600000)
  object space 147968K, 73% used [0x00000000cc000000,0x00000000d29d7998,0x00000000d5080000)

Card table byte_map: [0x00007f23f27f5000,0x00007f23f2996000] byte_map_base: 0x00007f23f2195000

Polling page: 0x00007f23f5ea6000

Code Cache  [0x00007f23e9000000, 0x00007f23e9c20000, 0x00007f23ec000000)
 total_blobs=3704 nmethods=3021 adapters=634 free_code_cache=36924Kb largest_free_block=37682560

Compilation events (10 events):
Event: 179297.718 Thread 0x00007f23ec09f800 3339             java.util.AbstractList::equals (117 bytes)
Event: 179297.757 Thread 0x00007f23ec09f800 nmethod 3339 0x00007f23e9c0d210 code [0x00007f23e9c0d580, 0x00007f23e9c0eb38]
Event: 179316.757 Thread 0x00007f23ec09c800 3340  s          java.lang.Throwable::getOurStackTrace (80 bytes)
Event: 179316.766 Thread 0x00007f23ec09c800 nmethod 3340 0x00007f23e9bece50 code [0x00007f23e9becfc0, 0x00007f23e9bed4b8]
Event: 179520.842 Thread 0x00007f23ec09f800 3341             java.lang.String::<init> (10 bytes)
Event: 179520.844 Thread 0x00007f23ec09f800 nmethod 3341 0x00007f23e9be4590 code [0x00007f23e9be46e0, 0x00007f23e9be47a8]
Event: 180013.124 Thread 0x00007f23ec09c800 3342             org.cyberneko.html.HTMLTagBalancer::getPropertyDefault (48 bytes)
Event: 180013.128 Thread 0x00007f23ec09c800 nmethod 3342 0x00007f23e9c030d0 code [0x00007f23e9c03220, 0x00007f23e9c035f8]
Event: 180028.446 Thread 0x00007f23ec09f800 3343             org.cyberneko.html.HTMLTagBalancer::getPropertyDefault (48 bytes)
Event: 180028.450 Thread 0x00007f23ec09f800 nmethod 3343 0x00007f23e9c02ad0 code [0x00007f23e9c02c20, 0x00007f23e9c02ff8]

GC Heap History (10 events):
Event: 180461.456 GC heap after
Heap after GC invocations=1610 (full 9):
 PSYoungGen      total 151040K, used 48640K [0x00000000f2200000, 0x0000000100000000, 0x0000000100000000)
  eden space 77824K, 0% used [0x00000000f2200000,0x00000000f2200000,0x00000000f6e00000)
  from space 73216K, 66% used [0x00000000f6e00000,0x00000000f9d80000,0x00000000fb580000)
  to   space 73216K, 0% used [0x00000000fb880000,0x00000000fb880000,0x0000000100000000)
 ParOldGen       total 202240K, used 173174K [0x00000000d6600000, 0x00000000e2b80000, 0x00000000f2200000)
  object space 202240K, 85% used [0x00000000d6600000,0x00000000e0f1d988,0x00000000e2b80000)
 PSPermGen       total 147968K, used 108388K [0x00000000cc000000, 0x00000000d5080000, 0x00000000d6600000)
  object space 147968K, 73% used [0x00000000cc000000,0x00000000d29d92e8,0x00000000d5080000)
}
Event: 180462.530 GC heap before
{Heap before GC invocations=1611 (full 9):
 PSYoungGen      total 151040K, used 126464K [0x00000000f2200000, 0x0000000100000000, 0x0000000100000000)
  eden space 77824K, 100% used [0x00000000f2200000,0x00000000f6e00000,0x00000000f6e00000)
  from space 73216K, 66% used [0x00000000f6e00000,0x00000000f9d80000,0x00000000fb580000)
  to   space 73216K, 0% used [0x00000000fb880000,0x00000000fb880000,0x0000000100000000)
 ParOldGen       total 202240K, used 173174K [0x00000000d6600000, 0x00000000e2b80000, 0x00000000f2200000)
  object space 202240K, 85% used [0x00000000d6600000,0x00000000e0f1d988,0x00000000e2b80000)
 PSPermGen       total 147968K, used 108388K [0x00000000cc000000, 0x00000000d5080000, 0x00000000d6600000)
  object space 147968K, 73% used [0x00000000cc000000,0x00000000d29d92e8,0x00000000d5080000)
Event: 180462.636 GC heap after
Heap after GC invocations=1611 (full 9):
 PSYoungGen      total 151040K, used 46592K [0x00000000f2200000, 0x00000000ffd00000, 0x0000000100000000)
  eden space 80896K, 0% used [0x00000000f2200000,0x00000000f2200000,0x00000000f7100000)
  from space 70144K, 66% used [0x00000000fb880000,0x00000000fe600000,0x00000000ffd00000)
  to   space 71680K, 0% used [0x00000000f7100000,0x00000000f7100000,0x00000000fb700000)
 ParOldGen       total 202240K, used 180698K [0x00000000d6600000, 0x00000000e2b80000, 0x00000000f2200000)
  object space 202240K, 89% used [0x00000000d6600000,0x00000000e16768f0,0x00000000e2b80000)
 PSPermGen       total 147968K, used 108388K [0x00000000cc000000, 0x00000000d5080000, 0x00000000d6600000)
  object space 147968K, 73% used [0x00000000cc000000,0x00000000d29d92e8,0x00000000d5080000)
}
Event: 180463.560 GC heap before
{Heap before GC invocations=1612 (full 9):
 PSYoungGen      total 151040K, used 127488K [0x00000000f2200000, 0x00000000ffd00000, 0x0000000100000000)
  eden space 80896K, 100% used [0x00000000f2200000,0x00000000f7100000,0x00000000f7100000)
  from space 70144K, 66% used [0x00000000fb880000,0x00000000fe600000,0x00000000ffd00000)
  to   space 71680K, 0% used [0x00000000f7100000,0x00000000f7100000,0x00000000fb700000)
 ParOldGen       total 202240K, used 180698K [0x00000000d6600000, 0x00000000e2b80000, 0x00000000f2200000)
  object space 202240K, 89% used [0x00000000d6600000,0x00000000e16768f0,0x00000000e2b80000)
 PSPermGen       total 147968K, used 108388K [0x00000000cc000000, 0x00000000d5080000, 0x00000000d6600000)
  object space 147968K, 73% used [0x00000000cc000000,0x00000000d29d92e8,0x00000000d5080000)
Event: 180463.645 GC heap after
Heap after GC invocations=1612 (full 9):
 PSYoungGen      total 152576K, used 49856K [0x00000000f2200000, 0x0000000100000000, 0x0000000100000000)
  eden space 80896K, 0% used [0x00000000f2200000,0x00000000f2200000,0x00000000f7100000)
  from space 71680K, 69% used [0x00000000f7100000,0x00000000fa1b0000,0x00000000fb700000)
  to   space 71680K, 0% used [0x00000000fba00000,0x00000000fba00000,0x0000000100000000)
 ParOldGen       total 202240K, used 181200K [0x00000000d6600000, 0x00000000e2b80000, 0x00000000f2200000)
  object space 202240K, 89% used [0x00000000d6600000,0x00000000e16f4170,0x00000000e2b80000)
 PSPermGen       total 147968K, used 108388K [0x00000000cc000000, 0x00000000d5080000, 0x00000000d6600000)
  object space 147968K, 73% used [0x00000000cc000000,0x00000000d29d92e8,0x00000000d5080000)
}
Event: 180464.406 GC heap before
{Heap before GC invocations=1613 (full 9):
 PSYoungGen      total 152576K, used 130752K [0x00000000f2200000, 0x0000000100000000, 0x0000000100000000)
  eden space 80896K, 100% used [0x00000000f2200000,0x00000000f7100000,0x00000000f7100000)
  from space 71680K, 69% used [0x00000000f7100000,0x00000000fa1b0000,0x00000000fb700000)
  to   space 71680K, 0% used [0x00000000fba00000,0x00000000fba00000,0x0000000100000000)
 ParOldGen       total 202240K, used 181200K [0x00000000d6600000, 0x00000000e2b80000, 0x00000000f2200000)
  object space 202240K, 89% used [0x00000000d6600000,0x00000000e16f4170,0x00000000e2b80000)
 PSPermGen       total 147968K, used 108388K [0x00000000cc000000, 0x00000000d5080000, 0x00000000d6600000)
  object space 147968K, 73% used [0x00000000cc000000,0x00000000d29d92e8,0x00000000d5080000)
Event: 180464.483 GC heap after
Heap after GC invocations=1613 (full 9):
 PSYoungGen      total 155648K, used 50528K [0x00000000f2200000, 0x0000000100000000, 0x0000000100000000)
  eden space 83968K, 0% used [0x00000000f2200000,0x00000000f2200000,0x00000000f7400000)
  from space 71680K, 70% used [0x00000000fba00000,0x00000000feb58000,0x0000000100000000)
  to   space 71680K, 0% used [0x00000000f7400000,0x00000000f7400000,0x00000000fba00000)
 ParOldGen       total 202240K, used 183658K [0x00000000d6600000, 0x00000000e2b80000, 0x00000000f2200000)
  object space 202240K, 90% used [0x00000000d6600000,0x00000000e195aac8,0x00000000e2b80000)
 PSPermGen       total 147968K, used 108388K [0x00000000cc000000, 0x00000000d5080000, 0x00000000d6600000)
  object space 147968K, 73% used [0x00000000cc000000,0x00000000d29d92e8,0x00000000d5080000)
}
Event: 180465.557 GC heap before
{Heap before GC invocations=1614 (full 9):
 PSYoungGen      total 155648K, used 134496K [0x00000000f2200000, 0x0000000100000000, 0x0000000100000000)
  eden space 83968K, 100% used [0x00000000f2200000,0x00000000f7400000,0x00000000f7400000)
  from space 71680K, 70% used [0x00000000fba00000,0x00000000feb58000,0x0000000100000000)
  to   space 71680K, 0% used [0x00000000f7400000,0x00000000f7400000,0x00000000fba00000)
 ParOldGen       total 202240K, used 183658K [0x00000000d6600000, 0x00000000e2b80000, 0x00000000f2200000)
  object space 202240K, 90% used [0x00000000d6600000,0x00000000e195aac8,0x00000000e2b80000)
 PSPermGen       total 147968K, used 108388K [0x00000000cc000000, 0x00000000d5080000, 0x00000000d6600000)
  object space 147968K, 73% used [0x00000000cc000000,0x00000000d29d92e8,0x00000000d5080000)
Event: 180465.662 GC heap after
Heap after GC invocations=1614 (full 9):
 PSYoungGen      total 155648K, used 51392K [0x00000000f2200000, 0x0000000100000000, 0x0000000100000000)
  eden space 83968K, 0% used [0x00000000f2200000,0x00000000f2200000,0x00000000f7400000)
  from space 71680K, 71% used [0x00000000f7400000,0x00000000fa630000,0x00000000fba00000)
  to   space 71680K, 0% used [0x00000000fba00000,0x00000000fba00000,0x0000000100000000)
 ParOldGen       total 202240K, used 192965K [0x00000000d6600000, 0x00000000e2b80000, 0x00000000f2200000)
  object space 202240K, 95% used [0x00000000d6600000,0x00000000e2271478,0x00000000e2b80000)
 PSPermGen       total 147968K, used 108388K [0x00000000cc000000, 0x00000000d5080000, 0x00000000d6600000)
  object space 147968K, 73% used [0x00000000cc000000,0x00000000d29d92e8,0x00000000d5080000)
}
Event: 180465.663 GC heap before
{Heap before GC invocations=1615 (full 10):
 PSYoungGen      total 155648K, used 51392K [0x00000000f2200000, 0x0000000100000000, 0x0000000100000000)
  eden space 83968K, 0% used [0x00000000f2200000,0x00000000f2200000,0x00000000f7400000)
  from space 71680K, 71% used [0x00000000f7400000,0x00000000fa630000,0x00000000fba00000)
  to   space 71680K, 0% used [0x00000000fba00000,0x00000000fba00000,0x0000000100000000)
 ParOldGen       total 202240K, used 192965K [0x00000000d6600000, 0x00000000e2b80000, 0x00000000f2200000)
  object space 202240K, 95% used [0x00000000d6600000,0x00000000e2271478,0x00000000e2b80000)
 PSPermGen       total 147968K, used 108388K [0x00000000cc000000, 0x00000000d5080000, 0x00000000d6600000)
  object space 147968K, 73% used [0x00000000cc000000,0x00000000d29d92e8,0x00000000d5080000)

Deoptimization events (10 events):
Event: 168791.675 Thread 0x00007f23bc01d000 Uncommon trap: reason=class_check action=maybe_recompile pc=0x00007f23e974d2fc method=org.apache.lucene.util.packed.PackedReaderIterator.next(I)Lorg/apache/lucene/util/LongsRef; @ 239
Event: 179281.859 Thread 0x00007f23bc004000 Uncommon trap: reason=unreached action=reinterpret pc=0x00007f23e95c6420 method=java.util.concurrent.ConcurrentLinkedQueue.offer(Ljava/lang/Object;)Z @ 72
Event: 179282.124 Thread 0x00007f23bc009800 Uncommon trap: reason=bimorphic action=maybe_recompile pc=0x00007f23e98333c4 method=java.util.AbstractList.equals(Ljava/lang/Object;)Z @ 25
Event: 179555.452 Thread 0x00007f23bc011800 Uncommon trap: reason=class_check action=maybe_recompile pc=0x00007f23e982f81c method=java.util.concurrent.locks.AbstractQueuedSynchronizer.doAcquireSharedNanos(IJ)Z @ 35
Event: 179555.537 Thread 0x00007f23bc004000 Uncommon trap: reason=class_check action=maybe_recompile pc=0x00007f23e982f81c method=java.util.concurrent.locks.AbstractQueuedSynchronizer.doAcquireSharedNanos(IJ)Z @ 35
Event: 179555.640 Thread 0x00007f23bc010000 Uncommon trap: reason=class_check action=maybe_recompile pc=0x00007f23e982f81c method=java.util.concurrent.locks.AbstractQueuedSynchronizer.doAcquireSharedNanos(IJ)Z @ 35
Event: 179555.641 Thread 0x00007f23bc023000 Uncommon trap: reason=class_check action=maybe_recompile pc=0x00007f23e982f81c method=java.util.concurrent.locks.AbstractQueuedSynchronizer.doAcquireSharedNanos(IJ)Z @ 35
Event: 179555.647 Thread 0x00007f23bc015000 Uncommon trap: reason=class_check action=maybe_recompile pc=0x00007f23e982f81c method=java.util.concurrent.locks.AbstractQueuedSynchronizer.doAcquireSharedNanos(IJ)Z @ 35
Event: 179555.673 Thread 0x00007f23bc007000 Uncommon trap: reason=class_check action=maybe_recompile pc=0x00007f23e982f81c method=java.util.concurrent.locks.AbstractQueuedSynchronizer.doAcquireSharedNanos(IJ)Z @ 35
Event: 179555.720 Thread 0x00007f23bc016000 Uncommon trap: reason=class_check action=maybe_recompile pc=0x00007f23e982f81c method=java.util.concurrent.locks.AbstractQueuedSynchronizer.doAcquireSharedNanos(IJ)Z @ 35

Internal exceptions (10 events):
Event: 180206.569 Thread 0x00007f23bc01a800 Threw 0x00000000f5768c60 at /build/openjdk-7-E6JKtH/openjdk-7-7u65-2.5.1/build/openjdk/hotspot/src/share/vm/prims/jni.cpp:747
Event: 180206.584 Thread 0x00007f23bc015000 Threw 0x00000000f58228b0 at /build/openjdk-7-E6JKtH/openjdk-7-7u65-2.5.1/build/openjdk/hotspot/src/share/vm/prims/jni.cpp:747
Event: 180206.584 Thread 0x00007f23bc023000 Threw 0x00000000f57f9058 at /build/openjdk-7-E6JKtH/openjdk-7-7u65-2.5.1/build/openjdk/hotspot/src/share/vm/prims/jni.cpp:747
Event: 180257.337 Thread 0x00007f23bc004000 Threw 0x00000000f241e5a8 at /build/openjdk-7-E6JKtH/openjdk-7-7u65-2.5.1/build/openjdk/hotspot/src/share/vm/prims/jni.cpp:747
Event: 180259.445 Thread 0x00007f23bc025000 Threw 0x00000000f24ff1e0 at /build/openjdk-7-E6JKtH/openjdk-7-7u65-2.5.1/build/openjdk/hotspot/src/share/vm/prims/jni.cpp:747
Event: 180305.523 Thread 0x00007f23bc00e000 Threw 0x00000000f3cf0cb0 at /build/openjdk-7-E6JKtH/openjdk-7-7u65-2.5.1/build/openjdk/hotspot/src/share/vm/prims/jni.cpp:747
Event: 180305.524 Thread 0x00007f23bc011800 Threw 0x00000000f3ca59e0 at /build/openjdk-7-E6JKtH/openjdk-7-7u65-2.5.1/build/openjdk/hotspot/src/share/vm/prims/jni.cpp:747
Event: 180334.788 Thread 0x00007f23bc01a800 Threw 0x00000000f5cb6a68 at /build/openjdk-7-E6JKtH/openjdk-7-7u65-2.5.1/build/openjdk/hotspot/src/share/vm/prims/jni.cpp:747
Event: 180378.602 Thread 0x00007f23bc016000 Threw 0x00000000f2f41e68 at /build/openjdk-7-E6JKtH/openjdk-7-7u65-2.5.1/build/openjdk/hotspot/src/share/vm/prims/jni.cpp:747
Event: 180450.277 Thread 0x00007f23bc004000 Threw 0x00000000f647b540 at /build/openjdk-7-E6JKtH/openjdk-7-7u65-2.5.1/build/openjdk/hotspot/src/share/vm/prims/jni.cpp:747

Events (10 events):
Event: 180460.309 Executing VM operation: ParallelGCFailedAllocation done
Event: 180461.342 Executing VM operation: ParallelGCFailedAllocation
Event: 180461.456 Executing VM operation: ParallelGCFailedAllocation done
Event: 180462.529 Executing VM operation: ParallelGCFailedAllocation
Event: 180462.636 Executing VM operation: ParallelGCFailedAllocation done
Event: 180463.559 Executing VM operation: ParallelGCFailedAllocation
Event: 180463.645 Executing VM operation: ParallelGCFailedAllocation done
Event: 180464.405 Executing VM operation: ParallelGCFailedAllocation
Event: 180464.483 Executing VM operation: ParallelGCFailedAllocation done
Event: 180465.555 Executing VM operation: ParallelGCFailedAllocation


Dynamic libraries:
00400000-00401000 r-xp 00000000 08:00 999453                             /usr/lib/jvm/java-7-openjdk-amd64/jre/bin/java
00600000-00601000 r--p 00000000 08:00 999453                             /usr/lib/jvm/java-7-openjdk-amd64/jre/bin/java
00601000-00602000 rw-p 00001000 08:00 999453                             /usr/lib/jvm/java-7-openjdk-amd64/jre/bin/java
00a9c000-00d01000 rw-p 00000000 00:00 0                                  [heap]
cc000000-d5080000 rw-p 00000000 00:00 0 
d5080000-d5500000 ---p 00000000 00:00 0 
d5500000-d6600000 rw-p 00000000 00:00 0 
d6600000-e2b80000 rw-p 00000000 00:00 0 
e6a00000-f2200000 rw-p 00000000 00:00 0 
f2200000-100000000 rw-p 00000000 00:00 0 
7f23a4000000-7f23a41c6000 rw-p 00000000 00:00 0 
7f23a41c6000-7f23a8000000 ---p 00000000 00:00 0 
7f23a83b7000-7f23a8601000 r--s 00000000 08:00 66406                      /var/www/spedia/auto/_0.cfs
7f23a9405000-7f23a9408000 ---p 00000000 00:00 0 
7f23a9408000-7f23a9506000 rw-p 00000000 00:00 0 
7f23a9506000-7f23a9509000 ---p 00000000 00:00 0 
7f23a9509000-7f23a9607000 rw-p 00000000 00:00 0                          [stack:29610]
7f23a9899000-7f23a989c000 ---p 00000000 00:00 0 
7f23a989c000-7f23a999a000 rw-p 00000000 00:00 0                          [stack:29609]
7f23a999a000-7f23a999d000 ---p 00000000 00:00 0 
7f23a999d000-7f23a9a9b000 rw-p 00000000 00:00 0                          [stack:29608]
7f23a9a9b000-7f23a9a9e000 ---p 00000000 00:00 0 
7f23a9a9e000-7f23a9b9c000 rw-p 00000000 00:00 0                          [stack:1095]
7f23a9ec9000-7f23a9ecc000 ---p 00000000 00:00 0 
7f23a9ecc000-7f23a9fca000 rw-p 00000000 00:00 0 
7f23a9fca000-7f23a9fcd000 ---p 00000000 00:00 0 
7f23a9fcd000-7f23aa0cb000 rw-p 00000000 00:00 0 
7f23aa315000-7f23aa318000 ---p 00000000 00:00 0 
7f23aa318000-7f23aa416000 rw-p 00000000 00:00 0 
7f23aa416000-7f23aa419000 ---p 00000000 00:00 0 
7f23aa419000-7f23aa517000 rw-p 00000000 00:00 0 
7f23aa517000-7f23aa51a000 ---p 00000000 00:00 0 
7f23aa51a000-7f23aa618000 rw-p 00000000 00:00 0                          [stack:18233]
7f23aa660000-7f23aa663000 ---p 00000000 00:00 0 
7f23aa663000-7f23aa761000 rw-p 00000000 00:00 0 
7f23aa761000-7f23aa764000 ---p 00000000 00:00 0 
7f23aa764000-7f23aa862000 rw-p 00000000 00:00 0                          [stack:15104]
7f23aa862000-7f23aa865000 ---p 00000000 00:00 0 
7f23aa865000-7f23aa963000 rw-p 00000000 00:00 0                          [stack:1405]
7f23aa9a0000-7f23aa9a3000 ---p 00000000 00:00 0 
7f23aa9a3000-7f23aaaa1000 rw-p 00000000 00:00 0                          [stack:29602]
7f23aaaa1000-7f23aaaa4000 ---p 00000000 00:00 0 
7f23aaaa4000-7f23aaba2000 rw-p 00000000 00:00 0                          [stack:1096]
7f23aaba2000-7f23aaba5000 ---p 00000000 00:00 0 
7f23aaba5000-7f23aaca3000 rw-p 00000000 00:00 0                          [stack:975]
7f23aaca3000-7f23aaca6000 ---p 00000000 00:00 0 
7f23aaca6000-7f23aada4000 rw-p 00000000 00:00 0                          [stack:974]
7f23aada4000-7f23aada7000 ---p 00000000 00:00 0 
7f23aada7000-7f23aaea5000 rw-p 00000000 00:00 0                          [stack:852]
7f23aaea5000-7f23aaedf000 r-xp 00000000 08:00 1269827                    /usr/lib/x86_64-linux-gnu/libjpeg.so.8.4.0
7f23aaedf000-7f23ab0de000 ---p 0003a000 08:00 1269827                    /usr/lib/x86_64-linux-gnu/libjpeg.so.8.4.0
7f23ab0de000-7f23ab0df000 rw-p 00039000 08:00 1269827                    /usr/lib/x86_64-linux-gnu/libjpeg.so.8.4.0
7f23ab0e7000-7f23ab0f1000 r-xp 00000000 08:00 999526                     /usr/lib/jvm/java-7-openjdk-amd64/jre/lib/amd64/libjavajpeg.so
7f23ab0f1000-7f23ab2f0000 ---p 0000a000 08:00 999526                     /usr/lib/jvm/java-7-openjdk-amd64/jre/lib/amd64/libjavajpeg.so
7f23ab2f0000-7f23ab2f1000 r--p 00009000 08:00 999526                     /usr/lib/jvm/java-7-openjdk-amd64/jre/lib/amd64/libjavajpeg.so
7f23ab2f1000-7f23ab2f2000 rw-p 0000a000 08:00 999526                     /usr/lib/jvm/java-7-openjdk-amd64/jre/lib/amd64/libjavajpeg.so
7f23ab2f2000-7f23ab2fb000 r--s 00000000 08:00 115288                     /var/cache/fontconfig/6d41288fd70b0be22e8c3a91e032eec0-le64.cache-3
7f23ab2fb000-7f23ab34c000 r-xp 00000000 08:00 999517                     /usr/lib/jvm/java-7-openjdk-amd64/jre/lib/amd64/libfontmanager.so
7f23ab34c000-7f23ab54c000 ---p 00051000 08:00 999517                     /usr/lib/jvm/java-7-openjdk-amd64/jre/lib/amd64/libfontmanager.so
7f23ab54c000-7f23ab54f000 r--p 00051000 08:00 999517                     /usr/lib/jvm/java-7-openjdk-amd64/jre/lib/amd64/libfontmanager.so
7f23ab54f000-7f23ab550000 rw-p 00054000 08:00 999517                     /usr/lib/jvm/java-7-openjdk-amd64/jre/lib/amd64/libfontmanager.so
7f23ab550000-7f23ab553000 ---p 00000000 00:00 0 
7f23ab553000-7f23ab651000 rw-p 00000000 00:00 0                          [stack:32389]
7f23ab651000-7f23ab654000 ---p 00000000 00:00 0 
7f23ab654000-7f23ab752000 rw-p 00000000 00:00 0 
7f23ab752000-7f23ab755000 ---p 00000000 00:00 0 
7f23ab755000-7f23ab853000 rw-p 00000000 00:00 0                          [stack:19002]
7f23ab853000-7f23ab856000 ---p 00000000 00:00 0 
7f23ab856000-7f23ab954000 rw-p 00000000 00:00 0                          [stack:32386]
7f23ab954000-7f23ab957000 ---p 00000000 00:00 0 
7f23ab957000-7f23aba55000 rw-p 00000000 00:00 0                          [stack:32384]
7f23abafb000-7f23abafe000 ---p 00000000 00:00 0 
7f23abafe000-7f23abbfc000 rw-p 00000000 00:00 0                          [stack:973]
7f23abbfc000-7f23abbff000 ---p 00000000 00:00 0 
7f23abbff000-7f23abcfd000 rw-p 00000000 00:00 0                          [stack:849]
7f23abcfd000-7f23abd00000 ---p 00000000 00:00 0 
7f23abd00000-7f23abdfe000 rw-p 00000000 00:00 0 
7f23abdfe000-7f23abe01000 ---p 00000000 00:00 0 
7f23abe01000-7f23abeff000 rw-p 00000000 00:00 0 
7f23abeff000-7f23abf02000 ---p 00000000 00:00 0 
7f23abf02000-7f23ac000000 rw-p 00000000 00:00 0 
7f23ac000000-7f23ac134000 rw-p 00000000 00:00 0 
7f23ac134000-7f23b0000000 ---p 00000000 00:00 0 
7f23b0000000-7f23b0ea3000 rw-p 00000000 00:00 0 
7f23b0ea3000-7f23b4000000 ---p 00000000 00:00 0 
7f23b4000000-7f23b430f000 rw-p 00000000 00:00 0 
7f23b430f000-7f23b8000000 ---p 00000000 00:00 0 
7f23b8042000-7f23b8045000 ---p 00000000 00:00 0 
7f23b8045000-7f23b8143000 rw-p 00000000 00:00 0                          [stack:29593]
7f23b8143000-7f23b8146000 ---p 00000000 00:00 0 
7f23b8146000-7f23b8244000 rw-p 00000000 00:00 0 
7f23b8244000-7f23b8247000 ---p 00000000 00:00 0 
7f23b8247000-7f23b8345000 rw-p 00000000 00:00 0 
7f23b8345000-7f23b8348000 ---p 00000000 00:00 0 
7f23b8348000-7f23b8446000 rw-p 00000000 00:00 0                          [stack:13635]
7f23b8446000-7f23b8449000 ---p 00000000 00:00 0 
7f23b8449000-7f23b8547000 rw-p 00000000 00:00 0                          [stack:32368]
7f23b8547000-7f23b854a000 ---p 00000000 00:00 0 
7f23b854a000-7f23b8648000 rw-p 00000000 00:00 0                          [stack:32367]
7f23b8648000-7f23b864b000 ---p 00000000 00:00 0 
7f23b864b000-7f23b8749000 rw-p 00000000 00:00 0                          [stack:32366]
7f23b8749000-7f23b874c000 ---p 00000000 00:00 0 
7f23b874c000-7f23b884a000 rw-p 00000000 00:00 0                          [stack:32360]
7f23b884a000-7f23b884d000 ---p 00000000 00:00 0 
7f23b884d000-7f23b894b000 rw-p 00000000 00:00 0                          [stack:32359]
7f23b894b000-7f23b894e000 ---p 00000000 00:00 0 
7f23b894e000-7f23b8a4c000 rw-p 00000000 00:00 0                          [stack:32355]
7f23b8a4c000-7f23b8a4f000 ---p 00000000 00:00 0 
7f23b8a4f000-7f23b8b4d000 rw-p 00000000 00:00 0                          [stack:32557]
7f23b8b4d000-7f23b8b50000 ---p 00000000 00:00 0 
7f23b8b50000-7f23b8c4e000 rw-p 00000000 00:00 0                          [stack:32354]
7f23b8c4e000-7f23b8c51000 ---p 00000000 00:00 0 
7f23b8c51000-7f23b8d4f000 rw-p 00000000 00:00 0                          [stack:32350]
7f23b8d4f000-7f23b8d52000 ---p 00000000 00:00 0 
7f23b8d52000-7f23b8e50000 rw-p 00000000 00:00 0                          [stack:32349]
7f23b8e50000-7f23b8e53000 ---p 00000000 00:00 0 
7f23b8e53000-7f23b8f51000 rw-p 00000000 00:00 0                          [stack:32347]
7f23b8f51000-7f23b8f54000 ---p 00000000 00:00 0 
7f23b8f54000-7f23b9052000 rw-p 00000000 00:00 0                          [stack:32343]
7f23b9148000-7f23b914b000 ---p 00000000 00:00 0 
7f23b914b000-7f23b9249000 rw-p 00000000 00:00 0                          [stack:32345]
7f23b9249000-7f23b9253000 r--s 00203000 08:00 999535                     /usr/lib/jvm/java-7-openjdk-amd64/jre/lib/charsets.jar
7f23b9253000-7f23b9256000 ---p 00000000 00:00 0 
7f23b9256000-7f23b9354000 rw-p 00000000 00:00 0                          [stack:32337]
7f23b9354000-7f23b9357000 ---p 00000000 00:00 0 
7f23b9357000-7f23b9455000 rw-p 00000000 00:00 0                          [stack:32336]
7f23b9455000-7f23b9458000 ---p 00000000 00:00 0 
7f23b9458000-7f23b9556000 rw-p 00000000 00:00 0                          [stack:32346]
7f23b9556000-7f23b9559000 ---p 00000000 00:00 0 
7f23b9559000-7f23b9657000 rw-p 00000000 00:00 0                          [stack:32342]
7f23b9657000-7f23b965a000 ---p 00000000 00:00 0 
7f23b965a000-7f23b9758000 rw-p 00000000 00:00 0                          [stack:32333]
7f23b9758000-7f23b975b000 ---p 00000000 00:00 0 
7f23b975b000-7f23b9859000 rw-p 00000000 00:00 0                          [stack:32332]
7f23b9859000-7f23b985c000 ---p 00000000 00:00 0 
7f23b985c000-7f23b995a000 rw-p 00000000 00:00 0                          [stack:32329]
7f23b995a000-7f23b995d000 ---p 00000000 00:00 0 
7f23b995d000-7f23b9a5b000 rw-p 00000000 00:00 0                          [stack:32328]
7f23b9a5b000-7f23b9a5e000 ---p 00000000 00:00 0 
7f23b9a5e000-7f23b9b5c000 rw-p 00000000 00:00 0                          [stack:32327]
7f23b9b5c000-7f23b9b61000 r-xp 00000000 08:00 13383                      /lib/x86_64-linux-gnu/libnss_dns-2.19.so
7f23b9b61000-7f23b9d60000 ---p 00005000 08:00 13383                      /lib/x86_64-linux-gnu/libnss_dns-2.19.so
7f23b9d60000-7f23b9d61000 r--p 00004000 08:00 13383                      /lib/x86_64-linux-gnu/libnss_dns-2.19.so
7f23b9d61000-7f23b9d62000 rw-p 00005000 08:00 13383                      /lib/x86_64-linux-gnu/libnss_dns-2.19.so
7f23b9dfa000-7f23b9dfd000 ---p 00000000 00:00 0 
7f23b9dfd000-7f23b9efb000 rw-p 00000000 00:00 0                          [stack:32365]
7f23b9efb000-7f23b9efe000 ---p 00000000 00:00 0 
7f23b9efe000-7f23b9ffc000 rw-p 00000000 00:00 0                          [stack:32364]
7f23b9ffc000-7f23b9fff000 ---p 00000000 00:00 0 
7f23b9fff000-7f23ba0fd000 rw-p 00000000 00:00 0                          [stack:18934]
7f23ba0fd000-7f23ba100000 ---p 00000000 00:00 0 
7f23ba100000-7f23ba1fe000 rw-p 00000000 00:00 0                          [stack:32556]
7f23ba1fe000-7f23ba26e000 r-xp 00000000 08:00 1270423                    /usr/lib/x86_64-linux-gnu/nss/libfreebl3.so
7f23ba26e000-7f23ba46e000 ---p 00070000 08:00 1270423                    /usr/lib/x86_64-linux-gnu/nss/libfreebl3.so
7f23ba46e000-7f23ba470000 r--p 00070000 08:00 1270423                    /usr/lib/x86_64-linux-gnu/nss/libfreebl3.so
7f23ba470000-7f23ba471000 rw-p 00072000 08:00 1270423                    /usr/lib/x86_64-linux-gnu/nss/libfreebl3.so
7f23ba471000-7f23ba475000 rw-p 00000000 00:00 0 
7f23ba475000-7f23ba51b000 r-xp 00000000 08:00 18041                      /usr/lib/x86_64-linux-gnu/libsqlite3.so.0.8.6
7f23ba51b000-7f23ba71b000 ---p 000a6000 08:00 18041                      /usr/lib/x86_64-linux-gnu/libsqlite3.so.0.8.6
7f23ba71b000-7f23ba71d000 r--p 000a6000 08:00 18041                      /usr/lib/x86_64-linux-gnu/libsqlite3.so.0.8.6
7f23ba71d000-7f23ba71f000 rw-p 000a8000 08:00 18041                      /usr/lib/x86_64-linux-gnu/libsqlite3.so.0.8.6
7f23ba71f000-7f23ba720000 rw-p 00000000 00:00 0 
7f23ba720000-7f23ba761000 r-xp 00000000 08:00 1270420                    /usr/lib/x86_64-linux-gnu/nss/libsoftokn3.so
7f23ba761000-7f23ba960000 ---p 00041000 08:00 1270420                    /usr/lib/x86_64-linux-gnu/nss/libsoftokn3.so
7f23ba960000-7f23ba962000 r--p 00040000 08:00 1270420                    /usr/lib/x86_64-linux-gnu/nss/libsoftokn3.so
7f23ba962000-7f23ba963000 rw-p 00042000 08:00 1270420                    /usr/lib/x86_64-linux-gnu/nss/libsoftokn3.so
7f23ba963000-7f23ba99e000 r-xp 00000000 08:00 1270412                    /usr/lib/x86_64-linux-gnu/libnspr4.so
7f23ba99e000-7f23bab9e000 ---p 0003b000 08:00 1270412                    /usr/lib/x86_64-linux-gnu/libnspr4.so
7f23bab9e000-7f23bab9f000 r--p 0003b000 08:00 1270412                    /usr/lib/x86_64-linux-gnu/libnspr4.so
7f23bab9f000-7f23baba1000 rw-p 0003c000 08:00 1270412                    /usr/lib/x86_64-linux-gnu/libnspr4.so
7f23baba1000-7f23baba3000 rw-p 00000000 00:00 0 
7f23baba3000-7f23baba6000 r-xp 00000000 08:00 1270411                    /usr/lib/x86_64-linux-gnu/libplds4.so
7f23baba6000-7f23bada5000 ---p 00003000 08:00 1270411                    /usr/lib/x86_64-linux-gnu/libplds4.so
7f23bada5000-7f23bada6000 r--p 00002000 08:00 1270411                    /usr/lib/x86_64-linux-gnu/libplds4.so
7f23bada6000-7f23bada7000 rw-p 00003000 08:00 1270411                    /usr/lib/x86_64-linux-gnu/libplds4.so
7f23bada7000-7f23badab000 r-xp 00000000 08:00 1270413                    /usr/lib/x86_64-linux-gnu/libplc4.so
7f23badab000-7f23bafaa000 ---p 00004000 08:00 1270413                    /usr/lib/x86_64-linux-gnu/libplc4.so
7f23bafaa000-7f23bafab000 r--p 00003000 08:00 1270413                    /usr/lib/x86_64-linux-gnu/libplc4.so
7f23bafab000-7f23bafac000 rw-p 00004000 08:00 1270413                    /usr/lib/x86_64-linux-gnu/libplc4.so
7f23bafac000-7f23bafd1000 r-xp 00000000 08:00 1270425                    /usr/lib/x86_64-linux-gnu/libnssutil3.so
7f23bafd1000-7f23bb1d1000 ---p 00025000 08:00 1270425                    /usr/lib/x86_64-linux-gnu/libnssutil3.so
7f23bb1d1000-7f23bb1d7000 r--p 00025000 08:00 1270425                    /usr/lib/x86_64-linux-gnu/libnssutil3.so
7f23bb1d7000-7f23bb1d8000 rw-p 0002b000 08:00 1270425                    /usr/lib/x86_64-linux-gnu/libnssutil3.so
7f23bb1d8000-7f23bb30d000 r-xp 00000000 08:00 1270414                    /usr/lib/x86_64-linux-gnu/libnss3.so
7f23bb30d000-7f23bb50d000 ---p 00135000 08:00 1270414                    /usr/lib/x86_64-linux-gnu/libnss3.so
7f23bb50d000-7f23bb512000 r--p 00135000 08:00 1270414                    /usr/lib/x86_64-linux-gnu/libnss3.so
7f23bb512000-7f23bb515000 rw-p 0013a000 08:00 1270414                    /usr/lib/x86_64-linux-gnu/libnss3.so
7f23bb515000-7f23bb516000 rw-p 00000000 00:00 0 
7f23bb516000-7f23bb526000 r-xp 00000000 08:00 999500                     /usr/lib/jvm/java-7-openjdk-amd64/jre/lib/amd64/libj2pkcs11.so
7f23bb526000-7f23bb725000 ---p 00010000 08:00 999500                     /usr/lib/jvm/java-7-openjdk-amd64/jre/lib/amd64/libj2pkcs11.so
7f23bb725000-7f23bb726000 r--p 0000f000 08:00 999500                     /usr/lib/jvm/java-7-openjdk-amd64/jre/lib/amd64/libj2pkcs11.so
7f23bb726000-7f23bb727000 rw-p 00010000 08:00 999500                     /usr/lib/jvm/java-7-openjdk-amd64/jre/lib/amd64/libj2pkcs11.so
7f23bb727000-7f23bb72a000 r-xp 00000000 08:00 12913                      /lib/x86_64-linux-gnu/libgpg-error.so.0.8.0
7f23bb72a000-7f23bb929000 ---p 00003000 08:00 12913                      /lib/x86_64-linux-gnu/libgpg-error.so.0.8.0
7f23bb929000-7f23bb92a000 rw-p 00002000 08:00 12913                      /lib/x86_64-linux-gnu/libgpg-error.so.0.8.0
7f23bb92a000-7f23bb96e000 r-xp 00000000 08:00 1187853                    /lib/x86_64-linux-gnu/libdbus-1.so.3.7.2
7f23bb96e000-7f23bbb6e000 ---p 00044000 08:00 1187853                    /lib/x86_64-linux-gnu/libdbus-1.so.3.7.2
7f23bbb6e000-7f23bbb6f000 r--p 00044000 08:00 1187853                    /lib/x86_64-linux-gnu/libdbus-1.so.3.7.2
7f23bbb6f000-7f23bbb70000 rw-p 00045000 08:00 1187853                    /lib/x86_64-linux-gnu/libdbus-1.so.3.7.2
7f23bbb70000-7f23bbb81000 r-xp 00000000 08:00 18033                      /usr/lib/x86_64-linux-gnu/libp11-kit.so.0.0.0
7f23bbb81000-7f23bbd80000 ---p 00011000 08:00 18033                      /usr/lib/x86_64-linux-gnu/libp11-kit.so.0.0.0
7f23bbd80000-7f23bbd81000 r--p 00010000 08:00 18033                      /usr/lib/x86_64-linux-gnu/libp11-kit.so.0.0.0
7f23bbd81000-7f23bbd82000 rw-p 00011000 08:00 18033                      /usr/lib/x86_64-linux-gnu/libp11-kit.so.0.0.0
7f23bbd82000-7f23bbdfc000 r-xp 00000000 08:00 12912                      /lib/x86_64-linux-gnu/libgcrypt.so.11.7.0
7f23bbdfc000-7f23bbffc000 ---p 0007a000 08:00 12912                      /lib/x86_64-linux-gnu/libgcrypt.so.11.7.0
7f23bbffc000-7f23bbffd000 r--p 0007a000 08:00 12912                      /lib/x86_64-linux-gnu/libgcrypt.so.11.7.0
7f23bbffd000-7f23bc000000 rw-p 0007b000 08:00 12912                      /lib/x86_64-linux-gnu/libgcrypt.so.11.7.0
7f23bc000000-7f23bc274000 rw-p 00000000 00:00 0 
7f23bc274000-7f23c0000000 ---p 00000000 00:00 0 
7f23c00fe000-7f23c0101000 ---p 00000000 00:00 0 
7f23c0101000-7f23c01ff000 rw-p 00000000 00:00 0                          [stack:32324]
7f23c01ff000-7f23c020f000 r-xp 00000000 08:00 18044                      /usr/lib/x86_64-linux-gnu/libtasn1.so.3.1.16
7f23c020f000-7f23c040e000 ---p 00010000 08:00 18044                      /usr/lib/x86_64-linux-gnu/libtasn1.so.3.1.16
7f23c040e000-7f23c040f000 r--p 0000f000 08:00 18044                      /usr/lib/x86_64-linux-gnu/libtasn1.so.3.1.16
7f23c040f000-7f23c0410000 rw-p 00010000 08:00 18044                      /usr/lib/x86_64-linux-gnu/libtasn1.so.3.1.16
7f23c0410000-7f23c0413000 r-xp 00000000 08:00 1187891                    /lib/x86_64-linux-gnu/libkeyutils.so.1.5
7f23c0413000-7f23c0612000 ---p 00003000 08:00 1187891                    /lib/x86_64-linux-gnu/libkeyutils.so.1.5
7f23c0612000-7f23c0613000 r--p 00002000 08:00 1187891                    /lib/x86_64-linux-gnu/libkeyutils.so.1.5
7f23c0613000-7f23c0614000 rw-p 00003000 08:00 1187891                    /lib/x86_64-linux-gnu/libkeyutils.so.1.5
7f23c0614000-7f23c061f000 r-xp 00000000 08:00 1270549                    /usr/lib/x86_64-linux-gnu/libkrb5support.so.0.1
7f23c061f000-7f23c081e000 ---p 0000b000 08:00 1270549                    /usr/lib/x86_64-linux-gnu/libkrb5support.so.0.1
7f23c081e000-7f23c081f000 r--p 0000a000 08:00 1270549                    /usr/lib/x86_64-linux-gnu/libkrb5support.so.0.1
7f23c081f000-7f23c0820000 rw-p 0000b000 08:00 1270549                    /usr/lib/x86_64-linux-gnu/libkrb5support.so.0.1
7f23c0820000-7f23c0823000 r-xp 00000000 08:00 12904                      /lib/x86_64-linux-gnu/libcom_err.so.2.1
7f23c0823000-7f23c0a22000 ---p 00003000 08:00 12904                      /lib/x86_64-linux-gnu/libcom_err.so.2.1
7f23c0a22000-7f23c0a23000 r--p 00002000 08:00 12904                      /lib/x86_64-linux-gnu/libcom_err.so.2.1
7f23c0a23000-7f23c0a24000 rw-p 00003000 08:00 12904                      /lib/x86_64-linux-gnu/libcom_err.so.2.1
7f23c0a24000-7f23c0a52000 r-xp 00000000 08:00 1270543                    /usr/lib/x86_64-linux-gnu/libk5crypto.so.3.1
7f23c0a52000-7f23c0c51000 ---p 0002e000 08:00 1270543                    /usr/lib/x86_64-linux-gnu/libk5crypto.so.3.1
7f23c0c51000-7f23c0c54000 r--p 0002d000 08:00 1270543                    /usr/lib/x86_64-linux-gnu/libk5crypto.so.3.1
7f23c0c54000-7f23c0c55000 rw-p 00030000 08:00 1270543                    /usr/lib/x86_64-linux-gnu/libk5crypto.so.3.1
7f23c0c55000-7f23c0c56000 rw-p 00000000 00:00 0 
7f23c0c56000-7f23c0d1d000 r-xp 00000000 08:00 1270547                    /usr/lib/x86_64-linux-gnu/libkrb5.so.3.3
7f23c0d1d000-7f23c0f1d000 ---p 000c7000 08:00 1270547                    /usr/lib/x86_64-linux-gnu/libkrb5.so.3.3
7f23c0f1d000-7f23c0f2b000 r--p 000c7000 08:00 1270547                    /usr/lib/x86_64-linux-gnu/libkrb5.so.3.3
7f23c0f2b000-7f23c0f2e000 rw-p 000d5000 08:00 1270547                    /usr/lib/x86_64-linux-gnu/libkrb5.so.3.3
7f23c0f2e000-7f23c0f55000 r-xp 00000000 08:00 12909                      /lib/x86_64-linux-gnu/libexpat.so.1.6.0
7f23c0f55000-7f23c1155000 ---p 00027000 08:00 12909                      /lib/x86_64-linux-gnu/libexpat.so.1.6.0
7f23c1155000-7f23c1157000 r--p 00027000 08:00 12909                      /lib/x86_64-linux-gnu/libexpat.so.1.6.0
7f23c1157000-7f23c1158000 rw-p 00029000 08:00 12909                      /lib/x86_64-linux-gnu/libexpat.so.1.6.0
7f23c1158000-7f23c11f1000 r-xp 00000000 08:00 1269823                    /usr/lib/x86_64-linux-gnu/libfreetype.so.6.8.1
7f23c11f1000-7f23c13f0000 ---p 00099000 08:00 1269823                    /usr/lib/x86_64-linux-gnu/libfreetype.so.6.8.1
7f23c13f0000-7f23c13f6000 r--p 00098000 08:00 1269823                    /usr/lib/x86_64-linux-gnu/libfreetype.so.6.8.1
7f23c13f6000-7f23c13f7000 rw-p 0009e000 08:00 1269823                    /usr/lib/x86_64-linux-gnu/libfreetype.so.6.8.1
7f23c13f7000-7f23c1407000 r-xp 00000000 08:00 1269819                    /usr/lib/x86_64-linux-gnu/libavahi-client.so.3.2.9
7f23c1407000-7f23c1606000 ---p 00010000 08:00 1269819                    /usr/lib/x86_64-linux-gnu/libavahi-client.so.3.2.9
7f23c1606000-7f23c1607000 r--p 0000f000 08:00 1269819                    /usr/lib/x86_64-linux-gnu/libavahi-client.so.3.2.9
7f23c1607000-7f23c1608000 rw-p 00010000 08:00 1269819                    /usr/lib/x86_64-linux-gnu/libavahi-client.so.3.2.9
7f23c1608000-7f23c1614000 r-xp 00000000 08:00 1269817                    /usr/lib/x86_64-linux-gnu/libavahi-common.so.3.5.3
7f23c1614000-7f23c1813000 ---p 0000c000 08:00 1269817                    /usr/lib/x86_64-linux-gnu/libavahi-common.so.3.5.3
7f23c1813000-7f23c1814000 r--p 0000b000 08:00 1269817                    /usr/lib/x86_64-linux-gnu/libavahi-common.so.3.5.3
7f23c1814000-7f23c1815000 rw-p 0000c000 08:00 1269817                    /usr/lib/x86_64-linux-gnu/libavahi-common.so.3.5.3
7f23c1815000-7f23c18ce000 r-xp 00000000 08:00 8656                       /usr/lib/x86_64-linux-gnu/libgnutls.so.26.22.4
7f23c18ce000-7f23c1acd000 ---p 000b9000 08:00 8656                       /usr/lib/x86_64-linux-gnu/libgnutls.so.26.22.4
7f23c1acd000-7f23c1ad3000 r--p 000b8000 08:00 8656                       /usr/lib/x86_64-linux-gnu/libgnutls.so.26.22.4
7f23c1ad3000-7f23c1ad5000 rw-p 000be000 08:00 8656                       /usr/lib/x86_64-linux-gnu/libgnutls.so.26.22.4
7f23c1ad5000-7f23c1b1c000 r-xp 00000000 08:00 1270545                    /usr/lib/x86_64-linux-gnu/libgssapi_krb5.so.2.2
7f23c1b1c000-7f23c1d1b000 ---p 00047000 08:00 1270545                    /usr/lib/x86_64-linux-gnu/libgssapi_krb5.so.2.2
7f23c1d1b000-7f23c1d1d000 r--p 00046000 08:00 1270545                    /usr/lib/x86_64-linux-gnu/libgssapi_krb5.so.2.2
7f23c1d1d000-7f23c1d1f000 rw-p 00048000 08:00 1270545                    /usr/lib/x86_64-linux-gnu/libgssapi_krb5.so.2.2
7f23c1d1f000-7f23c1d54000 r-xp 00000000 08:00 1269825                    /usr/lib/x86_64-linux-gnu/libfontconfig.so.1.5.0
7f23c1d54000-7f23c1f54000 ---p 00035000 08:00 1269825                    /usr/lib/x86_64-linux-gnu/libfontconfig.so.1.5.0
7f23c1f54000-7f23c1f55000 r--p 00035000 08:00 1269825                    /usr/lib/x86_64-linux-gnu/libfontconfig.so.1.5.0
7f23c1f55000-7f23c1f56000 rw-p 00036000 08:00 1269825                    /usr/lib/x86_64-linux-gnu/libfontconfig.so.1.5.0
7f23c1f56000-7f23c1fa9000 r-xp 00000000 08:00 1270253                    /usr/lib/x86_64-linux-gnu/libcups.so.2
7f23c1fa9000-7f23c21a8000 ---p 00053000 08:00 1270253                    /usr/lib/x86_64-linux-gnu/libcups.so.2
7f23c21a8000-7f23c21ad000 r--p 00052000 08:00 1270253                    /usr/lib/x86_64-linux-gnu/libcups.so.2
7f23c21ad000-7f23c21ae000 rw-p 00057000 08:00 1270253                    /usr/lib/x86_64-linux-gnu/libcups.so.2
7f23c21ae000-7f23c21b4000 r-xp 00000000 08:00 999504                     /usr/lib/jvm/java-7-openjdk-amd64/jre/lib/amd64/headless/libmawt.so
7f23c21b4000-7f23c23b4000 ---p 00006000 08:00 999504                     /usr/lib/jvm/java-7-openjdk-amd64/jre/lib/amd64/headless/libmawt.so
7f23c23b4000-7f23c23b5000 r--p 00006000 08:00 999504                     /usr/lib/jvm/java-7-openjdk-amd64/jre/lib/amd64/headless/libmawt.so
7f23c23b5000-7f23c23b6000 rw-p 00007000 08:00 999504                     /usr/lib/jvm/java-7-openjdk-amd64/jre/lib/amd64/headless/libmawt.so
7f23c23b6000-7f23c2457000 r-xp 00000000 08:00 999522                     /usr/lib/jvm/java-7-openjdk-amd64/jre/lib/amd64/libawt.so
7f23c2457000-7f23c2656000 ---p 000a1000 08:00 999522                     /usr/lib/jvm/java-7-openjdk-amd64/jre/lib/amd64/libawt.so
7f23c2656000-7f23c2657000 r--p 000a0000 08:00 999522                     /usr/lib/jvm/java-7-openjdk-amd64/jre/lib/amd64/libawt.so
7f23c2657000-7f23c2662000 rw-p 000a1000 08:00 999522                     /usr/lib/jvm/java-7-openjdk-amd64/jre/lib/amd64/libawt.so
7f23c2662000-7f23c2687000 rw-p 00000000 00:00 0 
7f23c2687000-7f23c268f000 r-xp 00000000 08:00 999524                     /usr/lib/jvm/java-7-openjdk-amd64/jre/lib/amd64/libmanagement.so
7f23c268f000-7f23c288e000 ---p 00008000 08:00 999524                     /usr/lib/jvm/java-7-openjdk-amd64/jre/lib/amd64/libmanagement.so
7f23c288e000-7f23c288f000 r--p 00007000 08:00 999524                     /usr/lib/jvm/java-7-openjdk-amd64/jre/lib/amd64/libmanagement.so
7f23c288f000-7f23c2890000 rw-p 00008000 08:00 999524                     /usr/lib/jvm/java-7-openjdk-amd64/jre/lib/amd64/libmanagement.so
7f23c2890000-7f23c28fc000 r-xp 00000000 08:00 1187844                    /lib/x86_64-linux-gnu/libpcre.so.3.13.1
7f23c28fc000-7f23c2afc000 ---p 0006c000 08:00 1187844                    /lib/x86_64-linux-gnu/libpcre.so.3.13.1
7f23c2afc000-7f23c2afd000 r--p 0006c000 08:00 1187844                    /lib/x86_64-linux-gnu/libpcre.so.3.13.1
7f23c2afd000-7f23c2afe000 rw-p 0006d000 08:00 1187844                    /lib/x86_64-linux-gnu/libpcre.so.3.13.1
7f23c2afe000-7f23c2b0a000 r-xp 00000000 08:00 1269791                    /usr/lib/x86_64-linux-gnu/libffi.so.5.0.10
7f23c2b0a000-7f23c2d0a000 ---p 0000c000 08:00 1269791                    /usr/lib/x86_64-linux-gnu/libffi.so.5.0.10
7f23c2d0a000-7f23c2d0b000 rw-p 0000c000 08:00 1269791                    /usr/lib/x86_64-linux-gnu/libffi.so.5.0.10
7f23c2d0b000-7f23c2d0c000 r-xp 00000000 08:00 1269794                    /usr/lib/x86_64-linux-gnu/libgthread-2.0.so.0.3200.4
7f23c2d0c000-7f23c2f0b000 ---p 00001000 08:00 1269794                    /usr/lib/x86_64-linux-gnu/libgthread-2.0.so.0.3200.4
7f23c2f0b000-7f23c2f0c000 r--p 00000000 08:00 1269794                    /usr/lib/x86_64-linux-gnu/libgthread-2.0.so.0.3200.4
7f23c2f0c000-7f23c2f0d000 rw-p 00001000 08:00 1269794                    /usr/lib/x86_64-linux-gnu/libgthread-2.0.so.0.3200.4
7f23c2f0d000-7f23c2f21000 r-xp 00000000 08:00 13301                      /lib/x86_64-linux-gnu/libresolv-2.19.so
7f23c2f21000-7f23c3120000 ---p 00014000 08:00 13301                      /lib/x86_64-linux-gnu/libresolv-2.19.so
7f23c3120000-7f23c3121000 r--p 00013000 08:00 13301                      /lib/x86_64-linux-gnu/libresolv-2.19.so
7f23c3121000-7f23c3122000 rw-p 00014000 08:00 13301                      /lib/x86_64-linux-gnu/libresolv-2.19.so
7f23c3122000-7f23c3124000 rw-p 00000000 00:00 0 
7f23c3124000-7f23c3145000 r-xp 00000000 08:00 11382                      /lib/x86_64-linux-gnu/libselinux.so.1
7f23c3145000-7f23c3345000 ---p 00021000 08:00 11382                      /lib/x86_64-linux-gnu/libselinux.so.1
7f23c3345000-7f23c3346000 r--p 00021000 08:00 11382                      /lib/x86_64-linux-gnu/libselinux.so.1
7f23c3346000-7f23c3347000 rw-p 00022000 08:00 11382                      /lib/x86_64-linux-gnu/libselinux.so.1
7f23c3347000-7f23c3349000 rw-p 00000000 00:00 0 
7f23c3349000-7f23c334c000 r-xp 00000000 08:00 1269795                    /usr/lib/x86_64-linux-gnu/libgmodule-2.0.so.0.3200.4
7f23c334c000-7f23c354b000 ---p 00003000 08:00 1269795                    /usr/lib/x86_64-linux-gnu/libgmodule-2.0.so.0.3200.4
7f23c354b000-7f23c354c000 r--p 00002000 08:00 1269795                    /usr/lib/x86_64-linux-gnu/libgmodule-2.0.so.0.3200.4
7f23c354c000-7f23c354d000 rw-p 00003000 08:00 1269795                    /usr/lib/x86_64-linux-gnu/libgmodule-2.0.so.0.3200.4
7f23c354d000-7f23c3642000 r-xp 00000000 08:00 1187845                    /lib/x86_64-linux-gnu/libglib-2.0.so.0.3200.4
7f23c3642000-7f23c3842000 ---p 000f5000 08:00 1187845                    /lib/x86_64-linux-gnu/libglib-2.0.so.0.3200.4
7f23c3842000-7f23c3843000 r--p 000f5000 08:00 1187845                    /lib/x86_64-linux-gnu/libglib-2.0.so.0.3200.4
7f23c3843000-7f23c3844000 rw-p 000f6000 08:00 1187845                    /lib/x86_64-linux-gnu/libglib-2.0.so.0.3200.4
7f23c3844000-7f23c3845000 rw-p 00000000 00:00 0 
7f23c3845000-7f23c3893000 r-xp 00000000 08:00 1269793                    /usr/lib/x86_64-linux-gnu/libgobject-2.0.so.0.3200.4
7f23c3893000-7f23c3a93000 ---p 0004e000 08:00 1269793                    /usr/lib/x86_64-linux-gnu/libgobject-2.0.so.0.3200.4
7f23c3a93000-7f23c3a94000 r--p 0004e000 08:00 1269793                    /usr/lib/x86_64-linux-gnu/libgobject-2.0.so.0.3200.4
7f23c3a94000-7f23c3a95000 rw-p 0004f000 08:00 1269793                    /usr/lib/x86_64-linux-gnu/libgobject-2.0.so.0.3200.4
7f23c3a95000-7f23c3be1000 r-xp 00000000 08:00 1269798                    /usr/lib/x86_64-linux-gnu/libgio-2.0.so.0.3200.4
7f23c3be1000-7f23c3de0000 ---p 0014c000 08:00 1269798                    /usr/lib/x86_64-linux-gnu/libgio-2.0.so.0.3200.4
7f23c3de0000-7f23c3de4000 r--p 0014b000 08:00 1269798                    /usr/lib/x86_64-linux-gnu/libgio-2.0.so.0.3200.4
7f23c3de4000-7f23c3de6000 rw-p 0014f000 08:00 1269798                    /usr/lib/x86_64-linux-gnu/libgio-2.0.so.0.3200.4
7f23c3de6000-7f23c3de8000 rw-p 00000000 00:00 0 
7f23c3de8000-7f23c3dff000 r-xp 00000000 08:00 999518                     /usr/lib/jvm/java-7-openjdk-amd64/jre/lib/amd64/libnet.so
7f23c3dff000-7f23c3ffe000 ---p 00017000 08:00 999518                     /usr/lib/jvm/java-7-openjdk-amd64/jre/lib/amd64/libnet.so
7f23c3ffe000-7f23c3fff000 r--p 00016000 08:00 999518                     /usr/lib/jvm/java-7-openjdk-amd64/jre/lib/amd64/libnet.so
7f23c3fff000-7f23c4000000 rw-p 00017000 08:00 999518                     /usr/lib/jvm/java-7-openjdk-amd64/jre/lib/amd64/libnet.so
7f23c4000000-7f23c6578000 rw-p 00000000 00:00 0 
7f23c6578000-7f23c8000000 ---p 00000000 00:00 0 
7f23c8000000-7f23c8021000 rw-p 00000000 00:00 0 
7f23c8021000-7f23cc000000 ---p 00000000 00:00 0 
7f23cc000000-7f23cc1a5000 rw-p 00000000 00:00 0 
7f23cc1a5000-7f23d0000000 ---p 00000000 00:00 0 
7f23d0000000-7f23d1989000 rw-p 00000000 00:00 0 
7f23d1989000-7f23d4000000 ---p 00000000 00:00 0 
7f23d4000000-7f23d41b3000 rw-p 00000000 00:00 0 
7f23d41b3000-7f23d8000000 ---p 00000000 00:00 0 
7f23d8000000-7f23d850d000 rw-p 00000000 00:00 0 
7f23d850d000-7f23dc000000 ---p 00000000 00:00 0 
7f23dc000000-7f23dc2d3000 rw-p 00000000 00:00 0 
7f23dc2d3000-7f23e0000000 ---p 00000000 00:00 0 
7f23e0000000-7f23e0439000 rw-p 00000000 00:00 0 
7f23e0439000-7f23e4000000 ---p 00000000 00:00 0 
7f23e4000000-7f23e425f000 rw-p 00000000 00:00 0 
7f23e425f000-7f23e8000000 ---p 00000000 00:00 0 
7f23e8059000-7f23e8069000 r-xp 00000000 08:00 999502                     /usr/lib/jvm/java-7-openjdk-amd64/jre/lib/amd64/libnio.so
7f23e8069000-7f23e8269000 ---p 00010000 08:00 999502                     /usr/lib/jvm/java-7-openjdk-amd64/jre/lib/amd64/libnio.so
7f23e8269000-7f23e826a000 r--p 00010000 08:00 999502                     /usr/lib/jvm/java-7-openjdk-amd64/jre/lib/amd64/libnio.so
7f23e826a000-7f23e826b000 rw-p 00011000 08:00 999502                     /usr/lib/jvm/java-7-openjdk-amd64/jre/lib/amd64/libnio.so
7f23e826b000-7f23e826c000 ---p 00000000 00:00 0 
7f23e826c000-7f23e836c000 rw-p 00000000 00:00 0                          [stack:32323]
7f23e836c000-7f23e836f000 ---p 00000000 00:00 0 
7f23e836f000-7f23e846d000 rw-p 00000000 00:00 0                          [stack:32322]
7f23e846d000-7f23e8470000 ---p 00000000 00:00 0 
7f23e8470000-7f23e856e000 rw-p 00000000 00:00 0                          [stack:32321]
7f23e856e000-7f23e8571000 ---p 00000000 00:00 0 
7f23e8571000-7f23e866f000 rw-p 00000000 00:00 0                          [stack:32320]
7f23e866f000-7f23e8672000 ---p 00000000 00:00 0 
7f23e8672000-7f23e8770000 rw-p 00000000 00:00 0                          [stack:32319]
7f23e8770000-7f23e88f9000 r--p 00000000 08:00 12700                      /usr/lib/locale/locale-archive
7f23e88f9000-7f23e88fc000 ---p 00000000 00:00 0 
7f23e88fc000-7f23e89fa000 rw-p 00000000 00:00 0                          [stack:32318]
7f23e89fa000-7f23e89fd000 ---p 00000000 00:00 0 
7f23e89fd000-7f23e8afb000 rw-p 00000000 00:00 0                          [stack:32317]
7f23e8afb000-7f23e8afc000 ---p 00000000 00:00 0 
7f23e8afc000-7f23e9000000 rw-p 00000000 00:00 0                          [stack:32316]
7f23e9000000-7f23e9c20000 rwxp 00000000 00:00 0 
7f23e9c20000-7f23ec5cd000 rw-p 00000000 00:00 0 
7f23ec5cd000-7f23f0000000 ---p 00000000 00:00 0 
7f23f002f000-7f23f0030000 rw-p 00000000 00:00 0 
7f23f0030000-7f23f0033000 r--s 00017000 08:00 999472                     /usr/lib/jvm/java-7-openjdk-amd64/jre/lib/jce.jar
7f23f0033000-7f23f0038000 r--s 0004c000 08:00 999457                     /usr/lib/jvm/java-7-openjdk-amd64/jre/lib/jsse.jar
7f23f0038000-7f23f0041000 r--s 000b9000 08:00 999475                     /usr/lib/jvm/java-7-openjdk-amd64/jre/lib/resources.jar
7f23f0041000-7f23f004e000 r--s 000b5000 08:00 123462                     /opt/tomcat/lib/tomcat-coyote.jar
7f23f004e000-7f23f0050000 r--s 0000a000 08:00 123357                     /opt/tomcat/lib/el-api.jar
7f23f0050000-7f23f0058000 r--s 00089000 08:00 123125                     /opt/tomcat/lib/jasper.jar
7f23f0058000-7f23f0059000 r--s 00001000 08:00 123130                     /opt/tomcat/lib/tomcat-api.jar
7f23f0059000-7f23f005c000 r--s 0001c000 08:00 123495                     /opt/tomcat/lib/tomcat-jdbc.jar
7f23f005c000-7f23f0061000 r--s 0003a000 08:00 123092                     /opt/tomcat/lib/catalina-tribes.jar
7f23f0061000-7f23f0063000 r--s 0000a000 08:00 123457                     /opt/tomcat/lib/tomcat-i18n-fr.jar
7f23f0063000-7f23f0075000 r--s 00167000 08:00 122940                     /opt/tomcat/lib/catalina.jar
7f23f0075000-7f23f0077000 r--s 00011000 08:00 123401                     /opt/tomcat/lib/tomcat-i18n-es.jar
7f23f0077000-7f23f0087000 r--s 0019c000 08:00 123127                     /opt/tomcat/lib/ecj-3.7.2.jar
7f23f0087000-7f23f0088000 r--s 00003000 08:00 123230                     /opt/tomcat/lib/annotations-api.jar
7f23f0088000-7f23f008c000 r--s 00036000 08:00 123054                     /opt/tomcat/lib/tomcat-dbcp.jar
7f23f008c000-7f23f008f000 r--s 00013000 08:00 123310                     /opt/tomcat/lib/jsp-api.jar
7f23f008f000-7f23f0092000 r--s 0001e000 08:00 123413                     /opt/tomcat/lib/catalina-ha.jar
7f23f0092000-7f23f0096000 r--s 00028000 08:00 123386                     /opt/tomcat/lib/servlet-api.jar
7f23f0096000-7f23f0678000 rw-p 00000000 00:00 0 
7f23f0678000-7f23f0829000 r--s 01d21000 08:00 999458                     /usr/lib/jvm/java-7-openjdk-amd64/jre/lib/rt.jar
7f23f0829000-7f23f24c2000 rw-p 00000000 00:00 0 
7f23f24c2000-7f23f24c3000 ---p 00000000 00:00 0 
7f23f24c3000-7f23f25c3000 rw-p 00000000 00:00 0                          [stack:32315]
7f23f25c3000-7f23f25c4000 ---p 00000000 00:00 0 
7f23f25c4000-7f23f270d000 rw-p 00000000 00:00 0                          [stack:32314]
7f23f270d000-7f23f270f000 ---p 00000000 00:00 0 
7f23f270f000-7f23f2717000 rw-p 00000000 00:00 0 
7f23f2717000-7f23f277a000 rw-p 00000000 00:00 0 
7f23f277a000-7f23f27f5000 rw-p 00000000 00:00 0 
7f23f27f5000-7f23f283e000 rw-p 00000000 00:00 0 
7f23f283e000-7f23f2840000 ---p 00000000 00:00 0 
7f23f2840000-7f23f2848000 rw-p 00000000 00:00 0 
7f23f2848000-7f23f28ab000 rw-p 00000000 00:00 0 
7f23f28ab000-7f23f2926000 rw-p 00000000 00:00 0 
7f23f2926000-7f23f2995000 rw-p 00000000 00:00 0 
7f23f2995000-7f23f2996000 rw-p 00000000 00:00 0 
7f23f2996000-7f23f299e000 r-xp 00000000 08:00 999514                     /usr/lib/jvm/java-7-openjdk-amd64/jre/lib/amd64/libzip.so
7f23f299e000-7f23f2b9d000 ---p 00008000 08:00 999514                     /usr/lib/jvm/java-7-openjdk-amd64/jre/lib/amd64/libzip.so
7f23f2b9d000-7f23f2b9e000 r--p 00007000 08:00 999514                     /usr/lib/jvm/java-7-openjdk-amd64/jre/lib/amd64/libzip.so
7f23f2b9e000-7f23f2b9f000 rw-p 00008000 08:00 999514                     /usr/lib/jvm/java-7-openjdk-amd64/jre/lib/amd64/libzip.so
7f23f2b9f000-7f23f2baa000 r-xp 00000000 08:00 14694                      /lib/x86_64-linux-gnu/libnss_files-2.19.so
7f23f2baa000-7f23f2da9000 ---p 0000b000 08:00 14694                      /lib/x86_64-linux-gnu/libnss_files-2.19.so
7f23f2da9000-7f23f2daa000 r--p 0000a000 08:00 14694                      /lib/x86_64-linux-gnu/libnss_files-2.19.so
7f23f2daa000-7f23f2dab000 rw-p 0000b000 08:00 14694                      /lib/x86_64-linux-gnu/libnss_files-2.19.so
7f23f2dab000-7f23f2db5000 r-xp 00000000 08:00 14697                      /lib/x86_64-linux-gnu/libnss_nis-2.19.so
7f23f2db5000-7f23f2fb4000 ---p 0000a000 08:00 14697                      /lib/x86_64-linux-gnu/libnss_nis-2.19.so
7f23f2fb4000-7f23f2fb5000 r--p 00009000 08:00 14697                      /lib/x86_64-linux-gnu/libnss_nis-2.19.so
7f23f2fb5000-7f23f2fb6000 rw-p 0000a000 08:00 14697                      /lib/x86_64-linux-gnu/libnss_nis-2.19.so
7f23f2fb6000-7f23f2fcb000 r-xp 00000000 08:00 13361                      /lib/x86_64-linux-gnu/libnsl-2.19.so
7f23f2fcb000-7f23f31ca000 ---p 00015000 08:00 13361                      /lib/x86_64-linux-gnu/libnsl-2.19.so
7f23f31ca000-7f23f31cb000 r--p 00014000 08:00 13361                      /lib/x86_64-linux-gnu/libnsl-2.19.so
7f23f31cb000-7f23f31cc000 rw-p 00015000 08:00 13361                      /lib/x86_64-linux-gnu/libnsl-2.19.so
7f23f31cc000-7f23f31ce000 rw-p 00000000 00:00 0 
7f23f31ce000-7f23f31d5000 r-xp 00000000 08:00 13307                      /lib/x86_64-linux-gnu/libnss_compat-2.19.so
7f23f31d5000-7f23f33d4000 ---p 00007000 08:00 13307                      /lib/x86_64-linux-gnu/libnss_compat-2.19.so
7f23f33d4000-7f23f33d5000 r--p 00006000 08:00 13307                      /lib/x86_64-linux-gnu/libnss_compat-2.19.so
7f23f33d5000-7f23f33d6000 rw-p 00007000 08:00 13307                      /lib/x86_64-linux-gnu/libnss_compat-2.19.so
7f23f33d6000-7f23f3401000 r-xp 00000000 08:00 999519                     /usr/lib/jvm/java-7-openjdk-amd64/jre/lib/amd64/libjava.so
7f23f3401000-7f23f3600000 ---p 0002b000 08:00 999519                     /usr/lib/jvm/java-7-openjdk-amd64/jre/lib/amd64/libjava.so
7f23f3600000-7f23f3601000 r--p 0002a000 08:00 999519                     /usr/lib/jvm/java-7-openjdk-amd64/jre/lib/amd64/libjava.so
7f23f3601000-7f23f3603000 rw-p 0002b000 08:00 999519                     /usr/lib/jvm/java-7-openjdk-amd64/jre/lib/amd64/libjava.so
7f23f3603000-7f23f3612000 r-xp 00000000 08:00 999520                     /usr/lib/jvm/java-7-openjdk-amd64/jre/lib/amd64/libverify.so
7f23f3612000-7f23f3811000 ---p 0000f000 08:00 999520                     /usr/lib/jvm/java-7-openjdk-amd64/jre/lib/amd64/libverify.so
7f23f3811000-7f23f3813000 r--p 0000e000 08:00 999520                     /usr/lib/jvm/java-7-openjdk-amd64/jre/lib/amd64/libverify.so
7f23f3813000-7f23f3814000 rw-p 00010000 08:00 999520                     /usr/lib/jvm/java-7-openjdk-amd64/jre/lib/amd64/libverify.so
7f23f3814000-7f23f381b000 r-xp 00000000 08:00 8707                       /lib/x86_64-linux-gnu/librt-2.19.so
7f23f381b000-7f23f3a1a000 ---p 00007000 08:00 8707                       /lib/x86_64-linux-gnu/librt-2.19.so
7f23f3a1a000-7f23f3a1b000 r--p 00006000 08:00 8707                       /lib/x86_64-linux-gnu/librt-2.19.so
7f23f3a1b000-7f23f3a1c000 rw-p 00007000 08:00 8707                       /lib/x86_64-linux-gnu/librt-2.19.so
7f23f3a1c000-7f23f3a32000 r-xp 00000000 08:00 8459                       /lib/x86_64-linux-gnu/libgcc_s.so.1
7f23f3a32000-7f23f3c31000 ---p 00016000 08:00 8459                       /lib/x86_64-linux-gnu/libgcc_s.so.1
7f23f3c31000-7f23f3c32000 rw-p 00015000 08:00 8459                       /lib/x86_64-linux-gnu/libgcc_s.so.1
7f23f3c32000-7f23f3d32000 r-xp 00000000 08:00 14681                      /lib/x86_64-linux-gnu/libm-2.19.so
7f23f3d32000-7f23f3f31000 ---p 00100000 08:00 14681                      /lib/x86_64-linux-gnu/libm-2.19.so
7f23f3f31000-7f23f3f32000 r--p 000ff000 08:00 14681                      /lib/x86_64-linux-gnu/libm-2.19.so
7f23f3f32000-7f23f3f33000 rw-p 00100000 08:00 14681                      /lib/x86_64-linux-gnu/libm-2.19.so
7f23f3f33000-7f23f409f000 r-xp 00000000 08:00 1271153                    /usr/lib/x86_64-linux-gnu/libstdc++.so.6.0.21
7f23f409f000-7f23f429e000 ---p 0016c000 08:00 1271153                    /usr/lib/x86_64-linux-gnu/libstdc++.so.6.0.21
7f23f429e000-7f23f42a8000 r--p 0016b000 08:00 1271153                    /usr/lib/x86_64-linux-gnu/libstdc++.so.6.0.21
7f23f42a8000-7f23f42aa000 rw-p 00175000 08:00 1271153                    /usr/lib/x86_64-linux-gnu/libstdc++.so.6.0.21
7f23f42aa000-7f23f42ae000 rw-p 00000000 00:00 0 
7f23f42ae000-7f23f4da9000 r-xp 00000000 08:00 999508                     /usr/lib/jvm/java-7-openjdk-amd64/jre/lib/amd64/server/libjvm.so
7f23f4da9000-7f23f4fa9000 ---p 00afb000 08:00 999508                     /usr/lib/jvm/java-7-openjdk-amd64/jre/lib/amd64/server/libjvm.so
7f23f4fa9000-7f23f504a000 r--p 00afb000 08:00 999508                     /usr/lib/jvm/java-7-openjdk-amd64/jre/lib/amd64/server/libjvm.so
7f23f504a000-7f23f506d000 rw-p 00b9c000 08:00 999508                     /usr/lib/jvm/java-7-openjdk-amd64/jre/lib/amd64/server/libjvm.so
7f23f506d000-7f23f509a000 rw-p 00000000 00:00 0 
7f23f509a000-7f23f50b0000 r-xp 00000000 08:00 12956                      /lib/x86_64-linux-gnu/libz.so.1.2.7
7f23f50b0000-7f23f52af000 ---p 00016000 08:00 12956                      /lib/x86_64-linux-gnu/libz.so.1.2.7
7f23f52af000-7f23f52b0000 r--p 00015000 08:00 12956                      /lib/x86_64-linux-gnu/libz.so.1.2.7
7f23f52b0000-7f23f52b1000 rw-p 00016000 08:00 12956                      /lib/x86_64-linux-gnu/libz.so.1.2.7
7f23f52b1000-7f23f5450000 r-xp 00000000 08:00 8704                       /lib/x86_64-linux-gnu/libc-2.19.so
7f23f5450000-7f23f5650000 ---p 0019f000 08:00 8704                       /lib/x86_64-linux-gnu/libc-2.19.so
7f23f5650000-7f23f5654000 r--p 0019f000 08:00 8704                       /lib/x86_64-linux-gnu/libc-2.19.so
7f23f5654000-7f23f5656000 rw-p 001a3000 08:00 8704                       /lib/x86_64-linux-gnu/libc-2.19.so
7f23f5656000-7f23f565a000 rw-p 00000000 00:00 0 
7f23f565a000-7f23f565d000 r-xp 00000000 08:00 14710                      /lib/x86_64-linux-gnu/libdl-2.19.so
7f23f565d000-7f23f585c000 ---p 00003000 08:00 14710                      /lib/x86_64-linux-gnu/libdl-2.19.so
7f23f585c000-7f23f585d000 r--p 00002000 08:00 14710                      /lib/x86_64-linux-gnu/libdl-2.19.so
7f23f585d000-7f23f585e000 rw-p 00003000 08:00 14710                      /lib/x86_64-linux-gnu/libdl-2.19.so
7f23f585e000-7f23f586b000 r-xp 00000000 08:00 999511                     /usr/lib/jvm/java-7-openjdk-amd64/jre/lib/amd64/jli/libjli.so
7f23f586b000-7f23f5a6a000 ---p 0000d000 08:00 999511                     /usr/lib/jvm/java-7-openjdk-amd64/jre/lib/amd64/jli/libjli.so
7f23f5a6a000-7f23f5a6b000 r--p 0000c000 08:00 999511                     /usr/lib/jvm/java-7-openjdk-amd64/jre/lib/amd64/jli/libjli.so
7f23f5a6b000-7f23f5a6c000 rw-p 0000d000 08:00 999511                     /usr/lib/jvm/java-7-openjdk-amd64/jre/lib/amd64/jli/libjli.so
7f23f5a6c000-7f23f5a84000 r-xp 00000000 08:00 12727                      /lib/x86_64-linux-gnu/libpthread-2.19.so
7f23f5a84000-7f23f5c83000 ---p 00018000 08:00 12727                      /lib/x86_64-linux-gnu/libpthread-2.19.so
7f23f5c83000-7f23f5c84000 r--p 00017000 08:00 12727                      /lib/x86_64-linux-gnu/libpthread-2.19.so
7f23f5c84000-7f23f5c85000 rw-p 00018000 08:00 12727                      /lib/x86_64-linux-gnu/libpthread-2.19.so
7f23f5c85000-7f23f5c89000 rw-p 00000000 00:00 0 
7f23f5c89000-7f23f5ca9000 r-xp 00000000 08:00 13364                      /lib/x86_64-linux-gnu/ld-2.19.so
7f23f5ca9000-7f23f5cab000 r--s 0000b000 08:00 123552                     /opt/tomcat/lib/tomcat-i18n-ja.jar
7f23f5cab000-7f23f5cad000 r--s 0000c000 08:00 123202                     /opt/tomcat/lib/catalina-ant.jar
7f23f5cad000-7f23f5cb0000 r--s 0001c000 08:00 123237                     /opt/tomcat/lib/jasper-el.jar
7f23f5cb0000-7f23f5cb1000 r--s 00005000 08:00 123201                     /opt/tomcat/lib/tomcat-util.jar
7f23f5cb1000-7f23f5cb3000 r--s 00008000 08:00 123079                     /opt/tomcat/bin/tomcat-juli.jar
7f23f5cb3000-7f23f5cb4000 r--s 00005000 08:00 123062                     /opt/tomcat/bin/commons-daemon.jar
7f23f5cb4000-7f23f5cb7000 r--s 00032000 08:00 999481                     /usr/lib/jvm/java-7-openjdk-amd64/jre/lib/ext/sunjce_provider.jar
7f23f5cb7000-7f23f5cb9000 r--s 00012000 08:00 999479                     /usr/lib/jvm/java-7-openjdk-amd64/jre/lib/ext/zipfs.jar
7f23f5cb9000-7f23f5cbc000 r--s 0000f000 08:00 999480                     /usr/lib/jvm/java-7-openjdk-amd64/jre/lib/ext/pulse-java.jar
7f23f5cbc000-7f23f5cc0000 r--s 00085000 08:00 999477                     /usr/lib/jvm/java-7-openjdk-amd64/jre/lib/ext/localedata.jar
7f23f5cc0000-7f23f5d02000 rw-p 00000000 00:00 0 
7f23f5d02000-7f23f5d91000 rw-p 00000000 00:00 0 
7f23f5d91000-7f23f5d99000 rw-s 00000000 08:00 65589                      /tmp/hsperfdata_root/32312
7f23f5d99000-7f23f5d9c000 ---p 00000000 00:00 0 
7f23f5d9c000-7f23f5e9f000 rw-p 00000000 00:00 0                          [stack:32313]
7f23f5e9f000-7f23f5ea0000 r--s 00006000 08:00 123283                     /opt/tomcat/bin/bootstrap.jar
7f23f5ea0000-7f23f5ea3000 r--s 0003c000 08:00 999478                     /usr/lib/jvm/java-7-openjdk-amd64/jre/lib/ext/sunpkcs11.jar
7f23f5ea3000-7f23f5ea4000 r--s 00007000 08:00 1122305                    /usr/share/java/java-atk-wrapper.jar
7f23f5ea4000-7f23f5ea5000 r--s 00002000 08:00 999482                     /usr/lib/jvm/java-7-openjdk-amd64/jre/lib/ext/dnsns.jar
7f23f5ea5000-7f23f5ea6000 rw-p 00000000 00:00 0 
7f23f5ea6000-7f23f5ea7000 ---p 00000000 00:00 0 
7f23f5ea7000-7f23f5ea9000 rw-p 00000000 00:00 0 
7f23f5ea9000-7f23f5eaa000 r--p 00020000 08:00 13364                      /lib/x86_64-linux-gnu/ld-2.19.so
7f23f5eaa000-7f23f5eab000 rw-p 00021000 08:00 13364                      /lib/x86_64-linux-gnu/ld-2.19.so
7f23f5eab000-7f23f5eac000 rw-p 00000000 00:00 0 
7fff93f1b000-7fff93f3c000 rw-p 00000000 00:00 0                          [stack]
7fff93f67000-7fff93f69000 r--p 00000000 00:00 0                          [vvar]
7fff93f69000-7fff93f6b000 r-xp 00000000 00:00 0                          [vdso]
ffffffffff600000-ffffffffff601000 r-xp 00000000 00:00 0                  [vsyscall]

VM Arguments:
jvm_args: -Djava.util.logging.config.file=/opt/tomcat/conf/logging.properties -Djava.util.logging.manager=org.apache.juli.ClassLoaderLogManager -Djava.endorsed.dirs=/opt/tomcat/endorsed -Dcatalina.base=/opt/tomcat -Dcatalina.home=/opt/tomcat -Djava.io.tmpdir=/opt/tomcat/temp 
java_command: org.apache.catalina.startup.Bootstrap start
Launcher Type: SUN_STANDARD

Environment Variables:
PATH=/usr/local/sbin:/usr/local/bin:/usr/sbin:/usr/bin:/sbin:/bin
SHELL=/bin/bash

Signal Handlers:
SIGSEGV: [libjvm.so+0x928960], sa_mask[0]=0x7ffbfeff, sa_flags=0x10000004
SIGBUS: [libjvm.so+0x928960], sa_mask[0]=0x7ffbfeff, sa_flags=0x10000004
SIGFPE: [libjvm.so+0x7ae090], sa_mask[0]=0x7ffbfeff, sa_flags=0x10000004
SIGPIPE: SIG_IGN, sa_mask[0]=0x00000000, sa_flags=0x00000000
SIGXFSZ: [libjvm.so+0x7ae090], sa_mask[0]=0x7ffbfeff, sa_flags=0x10000004
SIGILL: [libjvm.so+0x7ae090], sa_mask[0]=0x7ffbfeff, sa_flags=0x10000004
SIGUSR1: SIG_DFL, sa_mask[0]=0x00000000, sa_flags=0x00000000
SIGUSR2: [libjvm.so+0x7ae3d0], sa_mask[0]=0x00000000, sa_flags=0x10000004
SIGHUP: [libjvm.so+0x7ae540], sa_mask[0]=0x7ffbfeff, sa_flags=0x10000004
SIGINT: SIG_IGN, sa_mask[0]=0x00000000, sa_flags=0x00000000
SIGTERM: [libjvm.so+0x7ae540], sa_mask[0]=0x7ffbfeff, sa_flags=0x10000004
SIGQUIT: [libjvm.so+0x7ae540], sa_mask[0]=0x7ffbfeff, sa_flags=0x10000004
SIGTRAP: SIG_DFL, sa_mask[0]=0x00000000, sa_flags=0x00000000


---------------  S Y S T E M  ---------------

OS:7.6

uname:Linux 4.1.5-x86_64-linode61 #7 SMP Mon Aug 24 13:46:31 EDT 2015 x86_64
libc:glibc 2.19 NPTL 2.19 
rlimit: STACK 8192k, CORE 0k, NPROC 7981, NOFILE 4096, AS infinity
load average:0.77 0.23 0.15

/proc/meminfo:
MemTotal:        2047048 kB
MemFree:           15708 kB
MemAvailable:      20328 kB
Buffers:             752 kB
Cached:            24688 kB
SwapCached:         7908 kB
Active:          1426920 kB
Inactive:         481152 kB
Active(anon):    1423268 kB
Inactive(anon):   476132 kB
Active(file):       3652 kB
Inactive(file):     5020 kB
Unevictable:           0 kB
Mlocked:               0 kB
SwapTotal:        262140 kB
SwapFree:             24 kB
Dirty:               224 kB
Writeback:             0 kB
AnonPages:       1875128 kB
Mapped:            21788 kB
Shmem:             16576 kB
Slab:              48828 kB
SReclaimable:      14556 kB
SUnreclaim:        34272 kB
KernelStack:        6288 kB
PageTables:        11824 kB
NFS_Unstable:          0 kB
Bounce:                0 kB
WritebackTmp:          0 kB
CommitLimit:     1285664 kB
Committed_AS:    3630768 kB
VmallocTotal:   34359738367 kB
VmallocUsed:       12412 kB
VmallocChunk:   34359703224 kB
DirectMap4k:       20352 kB
DirectMap2M:     2076672 kB
DirectMap1G:           0 kB


CPU:total 2 (1 cores per cpu, 1 threads per core) family 6 model 63 stepping 2, cmov, cx8, fxsr, mmx, sse, sse2, sse3, ssse3, sse4.1, sse4.2, popcnt, avx, avx2, aes, erms, tsc

/proc/cpuinfo:
processor	: 0
vendor_id	: GenuineIntel
cpu family	: 6
model		: 63
model name	: Intel(R) Xeon(R) CPU E5-2680 v3 @ 2.50GHz
stepping	: 2
microcode	: 0x1
cpu MHz		: 2499.996
cache size	: 30720 KB
physical id	: 0
siblings	: 1
core id		: 0
cpu cores	: 1
apicid		: 0
initial apicid	: 0
fpu		: yes
fpu_exception	: yes
cpuid level	: 13
wp		: yes
flags		: fpu vme de pse tsc msr pae mce cx8 apic sep mtrr pge mca cmov pat pse36 clflush mmx fxsr sse sse2 ss syscall nx pdpe1gb rdtscp lm constant_tsc arch_perfmon rep_good nopl eagerfpu pni pclmulqdq ssse3 fma cx16 pcid sse4_1 sse4_2 x2apic movbe popcnt tsc_deadline_timer aes xsave avx f16c rdrand hypervisor lahf_lm abm arat fsgsbase tsc_adjust bmi1 avx2 smep bmi2 erms invpcid xsaveopt
bugs		:
bogomips	: 5001.32
clflush size	: 64
cache_alignment	: 64
address sizes	: 40 bits physical, 48 bits virtual
power management:

processor	: 1
vendor_id	: GenuineIntel
cpu family	: 6
model		: 63
model name	: Intel(R) Xeon(R) CPU E5-2680 v3 @ 2.50GHz
stepping	: 2
microcode	: 0x1
cpu MHz		: 2499.996
cache size	: 30720 KB
physical id	: 1
siblings	: 1
core id		: 0
cpu cores	: 1
apicid		: 1
initial apicid	: 1
fpu		: yes
fpu_exception	: yes
cpuid level	: 13
wp		: yes
flags		: fpu vme de pse tsc msr pae mce cx8 apic sep mtrr pge mca cmov pat pse36 clflush mmx fxsr sse sse2 ss syscall nx pdpe1gb rdtscp lm constant_tsc arch_perfmon rep_good nopl eagerfpu pni pclmulqdq ssse3 fma cx16 pcid sse4_1 sse4_2 x2apic movbe popcnt tsc_deadline_timer aes xsave avx f16c rdrand hypervisor lahf_lm abm arat fsgsbase tsc_adjust bmi1 avx2 smep bmi2 erms invpcid xsaveopt
bugs		:
bogomips	: 5001.32
clflush size	: 64
cache_alignment	: 64
address sizes	: 40 bits physical, 48 bits virtual
power management:



Memory: 4k page, physical 2047048k(15708k free), swap 262140k(24k free)

vm_info: OpenJDK 64-Bit Server VM (24.65-b04) for linux-amd64 JRE (1.7.0_65-b32), built on Jul 23 2014 11:16:11 by "buildd" with gcc 4.7.2

time: Fri Feb  5 15:20:14 2016
elapsed time: 180467 seconds

